12:28:30.839 Plugin java is already installed.
12:28:30.840 Plugin html-report is already installed.
12:28:32.778 Checking updates...
12:28:33.488 Api Request Received: messageType:GetStepValueRequest messageId:4 stepValueRequest:<stepText:"Ensure installation instructions are available" > 
12:28:33.488 Sending API response: messageType:GetStepValueResponse messageId:4 stepValueResponse:<stepValue:<stepValue:"Ensure installation instructions are available" parameterizedStepValue:"Ensure installation instructions are available" > > 
12:28:33.501 Api Request Received: messageType:GetStepValueRequest messageId:4 stepValueRequest:<stepText:"Go to Gauge Get Started Page" > 
12:28:33.501 Sending API response: messageType:GetStepValueResponse messageId:4 stepValueResponse:<stepValue:<stepValue:"Go to Gauge Get Started Page" parameterizedStepValue:"Go to Gauge Get Started Page" > > 
12:28:33.502 Api Request Received: messageType:GetStepValueRequest messageId:4 stepValueRequest:<stepText:"Open the Gauge homepage" > 
12:28:33.502 Sending API response: messageType:GetStepValueResponse messageId:4 stepValueResponse:<stepValue:<stepValue:"Open the Gauge homepage" parameterizedStepValue:"Open the Gauge homepage" > > 
12:28:42.736 Closing connection [127.0.0.1:53272] cause: EOF
12:28:42.746 Plugin [Html Report] with pid [6859] has exited
12:28:43.152 Closing connection [127.0.0.1:53260] cause: EOF
12:28:43.156 Specifications:	0 executed	0 passed	0 failed	0 skipped
12:28:43.156 Scenarios:	0 executed	0 passed	0 failed	0 skipped
12:28:43.156 
Total time taken: 7.792s
12:28:43.157 Updates are available. Run `gauge update -c` for more info.
14:01:50.693 Plugin java is already installed.
14:01:50.695 Plugin html-report is already installed.
14:01:51.935 Api Request Received: messageType:GetStepValueRequest messageId:4 stepValueRequest:<stepText:"Ensure installation instructions are available" > 
14:01:51.936 Sending API response: messageType:GetStepValueResponse messageId:4 stepValueResponse:<stepValue:<stepValue:"Ensure installation instructions are available" parameterizedStepValue:"Ensure installation instructions are available" > > 
14:01:51.942 Api Request Received: messageType:GetStepValueRequest messageId:4 stepValueRequest:<stepText:"Go to Gauge Get Started Page" > 
14:01:51.943 Sending API response: messageType:GetStepValueResponse messageId:4 stepValueResponse:<stepValue:<stepValue:"Go to Gauge Get Started Page" parameterizedStepValue:"Go to Gauge Get Started Page" > > 
14:01:51.943 Api Request Received: messageType:GetStepValueRequest messageId:4 stepValueRequest:<stepText:"Open the Gauge homepage" > 
14:01:51.943 Sending API response: messageType:GetStepValueResponse messageId:4 stepValueResponse:<stepValue:<stepValue:"Open the Gauge homepage" parameterizedStepValue:"Open the Gauge homepage" > > 
14:01:52.866 Checking updates...
14:01:57.450 Error Message: org.openqa.selenium.SessionNotCreatedException: session not created: This version of ChromeDriver only supports Chrome version 74
  (Driver info: chromedriver=74.0.3729.6 (255758eccf3d244491b8a1317aa76e1ce10d57e9-refs/branch-heads/3729@{#29}),platform=Mac OS X 10.14.3 x86_64) (WARNING: The server did not provide any stacktrace information)
Command duration or timeout: 1.41 seconds
Build info: version: '3.12.0', revision: '7c6e0b3', time: '2018-05-08T14:04:26.12Z'
System info: host: 'IN-Subhasc.local', ip: 'fe80:0:0:0:858:fd18:2282:b426%!e(MISSING)n0', os.name: 'Mac OS X', os.arch: 'x86_64', os.version: '10.14.3', java.version: '12'
Driver info: driver.version: Driver
14:01:57.450 Stacktrace: 
java.base/jdk.internal.reflect.NativeConstructorAccessorImpl.newInstance0(Native Method)
java.base/jdk.internal.reflect.NativeConstructorAccessorImpl.newInstance(NativeConstructorAccessorImpl.java:62)
java.base/jdk.internal.reflect.DelegatingConstructorAccessorImpl.newInstance(DelegatingConstructorAccessorImpl.java:45)
java.base/java.lang.reflect.Constructor.newInstanceWithCaller(Constructor.java:500)
java.base/java.lang.reflect.Constructor.newInstance(Constructor.java:481)
org.openqa.selenium.remote.ErrorHandler.createThrowable(ErrorHandler.java:214)
org.openqa.selenium.remote.ErrorHandler.throwIfResponseFailed(ErrorHandler.java:166)
org.openqa.selenium.remote.JsonWireProtocolResponse.lambda$new$0(JsonWireProtocolResponse.java:53)
org.openqa.selenium.remote.JsonWireProtocolResponse.lambda$getResponseFunction$2(JsonWireProtocolResponse.java:91)
org.openqa.selenium.remote.ProtocolHandshake.lambda$createSession$0(ProtocolHandshake.java:123)
java.base/java.util.stream.ReferencePipeline$3$1.accept(ReferencePipeline.java:195)
java.base/java.util.Spliterators$ArraySpliterator.tryAdvance(Spliterators.java:958)
java.base/java.util.stream.ReferencePipeline.forEachWithCancel(ReferencePipeline.java:127)
java.base/java.util.stream.AbstractPipeline.copyIntoWithCancel(AbstractPipeline.java:502)
java.base/java.util.stream.AbstractPipeline.copyInto(AbstractPipeline.java:488)
java.base/java.util.stream.AbstractPipeline.wrapAndCopyInto(AbstractPipeline.java:474)
java.base/java.util.stream.FindOps$FindOp.evaluateSequential(FindOps.java:150)
java.base/java.util.stream.AbstractPipeline.evaluate(AbstractPipeline.java:234)
java.base/java.util.stream.ReferencePipeline.findFirst(ReferencePipeline.java:543)
org.openqa.selenium.remote.ProtocolHandshake.createSession(ProtocolHandshake.java:126)
org.openqa.selenium.remote.ProtocolHandshake.createSession(ProtocolHandshake.java:73)
org.openqa.selenium.remote.HttpCommandExecutor.execute(HttpCommandExecutor.java:136)
org.openqa.selenium.remote.service.DriverCommandExecutor.execute(DriverCommandExecutor.java:83)
org.openqa.selenium.remote.RemoteWebDriver.execute(RemoteWebDriver.java:543)
org.openqa.selenium.remote.RemoteWebDriver.startSession(RemoteWebDriver.java:207)
org.openqa.selenium.remote.RemoteWebDriver.<init>(RemoteWebDriver.java:130)
org.openqa.selenium.chrome.ChromeDriver.<init>(ChromeDriver.java:181)
org.openqa.selenium.chrome.ChromeDriver.<init>(ChromeDriver.java:168)
org.openqa.selenium.chrome.ChromeDriver.<init>(ChromeDriver.java:157)
driver.DriverFactory.getDriver(DriverFactory.java:39)
driver.Driver.initializeDriver(Driver.java:16)
java.base/jdk.internal.reflect.NativeMethodAccessorImpl.invoke0(Native Method)
java.base/jdk.internal.reflect.NativeMethodAccessorImpl.invoke(NativeMethodAccessorImpl.java:62)
java.base/jdk.internal.reflect.DelegatingMethodAccessorImpl.invoke(DelegatingMethodAccessorImpl.java:43)
java.base/java.lang.reflect.Method.invoke(Method.java:567)
com.thoughtworks.gauge.execution.MethodExecutor.execute(MethodExecutor.java:38)
com.thoughtworks.gauge.execution.HooksExecutor$TaggedHookExecutor.executeHook(HooksExecutor.java:102)
com.thoughtworks.gauge.execution.HooksExecutor$TaggedHookExecutor.execute(HooksExecutor.java:88)
com.thoughtworks.gauge.execution.HooksExecutor.execute(HooksExecutor.java:45)
com.thoughtworks.gauge.processor.MethodExecutionMessageProcessor.executeHooks(MethodExecutionMessageProcessor.java:65)
com.thoughtworks.gauge.processor.SuiteExecutionStartingProcessor.process(SuiteExecutionStartingProcessor.java:36)
com.thoughtworks.gauge.connection.MessageDispatcher.dispatchMessages(MessageDispatcher.java:83)
com.thoughtworks.gauge.GaugeRuntime.dispatchMessages(GaugeRuntime.java:124)
com.thoughtworks.gauge.GaugeRuntime.lambda$connectSynchronously$1(GaugeRuntime.java:106)
java.base/java.lang.Thread.run(Thread.java:835)
14:01:57.450 Error Message: java.lang.NullPointerException
14:01:57.450 Stacktrace: 
driver.Driver.closeDriver(Driver.java:22)
java.base/jdk.internal.reflect.NativeMethodAccessorImpl.invoke0(Native Method)
java.base/jdk.internal.reflect.NativeMethodAccessorImpl.invoke(NativeMethodAccessorImpl.java:62)
java.base/jdk.internal.reflect.DelegatingMethodAccessorImpl.invoke(DelegatingMethodAccessorImpl.java:43)
java.base/java.lang.reflect.Method.invoke(Method.java:567)
com.thoughtworks.gauge.execution.MethodExecutor.execute(MethodExecutor.java:38)
com.thoughtworks.gauge.execution.HooksExecutor$TaggedHookExecutor.executeHook(HooksExecutor.java:102)
com.thoughtworks.gauge.execution.HooksExecutor$TaggedHookExecutor.execute(HooksExecutor.java:88)
com.thoughtworks.gauge.execution.HooksExecutor.execute(HooksExecutor.java:45)
com.thoughtworks.gauge.processor.MethodExecutionMessageProcessor.executeHooks(MethodExecutionMessageProcessor.java:65)
com.thoughtworks.gauge.processor.SuiteExecutionEndingProcessor.process(SuiteExecutionEndingProcessor.java:35)
com.thoughtworks.gauge.connection.MessageDispatcher.dispatchMessages(MessageDispatcher.java:83)
com.thoughtworks.gauge.GaugeRuntime.dispatchMessages(GaugeRuntime.java:124)
com.thoughtworks.gauge.GaugeRuntime.lambda$connectSynchronously$1(GaugeRuntime.java:106)
java.base/java.lang.Thread.run(Thread.java:835)
14:01:57.470 Closing connection [127.0.0.1:49588] cause: EOF
14:01:57.555 Plugin [Html Report] with pid [3100] has exited
14:01:57.965 Closing connection [127.0.0.1:49584] cause: EOF
14:01:58.065 Specifications:	0 executed	0 passed	0 failed	0 skipped
14:01:58.066 Scenarios:	0 executed	0 passed	0 failed	0 skipped
14:01:58.066 
Total time taken: 4.842s
14:01:58.067 Updates are available. Run `gauge update -c` for more info.
14:02:27.466 Plugin java is already installed.
14:02:27.467 Plugin html-report is already installed.
14:02:28.613 Api Request Received: messageType:GetStepValueRequest messageId:4 stepValueRequest:<stepText:"Ensure installation instructions are available" > 
14:02:28.614 Sending API response: messageType:GetStepValueResponse messageId:4 stepValueResponse:<stepValue:<stepValue:"Ensure installation instructions are available" parameterizedStepValue:"Ensure installation instructions are available" > > 
14:02:28.619 Api Request Received: messageType:GetStepValueRequest messageId:4 stepValueRequest:<stepText:"Go to Gauge Get Started Page" > 
14:02:28.619 Sending API response: messageType:GetStepValueResponse messageId:4 stepValueResponse:<stepValue:<stepValue:"Go to Gauge Get Started Page" parameterizedStepValue:"Go to Gauge Get Started Page" > > 
14:02:28.620 Api Request Received: messageType:GetStepValueRequest messageId:4 stepValueRequest:<stepText:"Open the Gauge homepage" > 
14:02:28.620 Sending API response: messageType:GetStepValueResponse messageId:4 stepValueResponse:<stepValue:<stepValue:"Open the Gauge homepage" parameterizedStepValue:"Open the Gauge homepage" > > 
14:02:29.421 Checking updates...
14:02:33.202 Error Message: org.openqa.selenium.SessionNotCreatedException: session not created: This version of ChromeDriver only supports Chrome version 74
  (Driver info: chromedriver=74.0.3729.6 (255758eccf3d244491b8a1317aa76e1ce10d57e9-refs/branch-heads/3729@{#29}),platform=Mac OS X 10.14.3 x86_64) (WARNING: The server did not provide any stacktrace information)
Command duration or timeout: 1.03 seconds
Build info: version: '3.12.0', revision: '7c6e0b3', time: '2018-05-08T14:04:26.12Z'
System info: host: 'IN-Subhasc.local', ip: 'fe80:0:0:0:858:fd18:2282:b426%!e(MISSING)n0', os.name: 'Mac OS X', os.arch: 'x86_64', os.version: '10.14.3', java.version: '12'
Driver info: driver.version: Driver
14:02:33.202 Stacktrace: 
java.base/jdk.internal.reflect.NativeConstructorAccessorImpl.newInstance0(Native Method)
java.base/jdk.internal.reflect.NativeConstructorAccessorImpl.newInstance(NativeConstructorAccessorImpl.java:62)
java.base/jdk.internal.reflect.DelegatingConstructorAccessorImpl.newInstance(DelegatingConstructorAccessorImpl.java:45)
java.base/java.lang.reflect.Constructor.newInstanceWithCaller(Constructor.java:500)
java.base/java.lang.reflect.Constructor.newInstance(Constructor.java:481)
org.openqa.selenium.remote.ErrorHandler.createThrowable(ErrorHandler.java:214)
org.openqa.selenium.remote.ErrorHandler.throwIfResponseFailed(ErrorHandler.java:166)
org.openqa.selenium.remote.JsonWireProtocolResponse.lambda$new$0(JsonWireProtocolResponse.java:53)
org.openqa.selenium.remote.JsonWireProtocolResponse.lambda$getResponseFunction$2(JsonWireProtocolResponse.java:91)
org.openqa.selenium.remote.ProtocolHandshake.lambda$createSession$0(ProtocolHandshake.java:123)
java.base/java.util.stream.ReferencePipeline$3$1.accept(ReferencePipeline.java:195)
java.base/java.util.Spliterators$ArraySpliterator.tryAdvance(Spliterators.java:958)
java.base/java.util.stream.ReferencePipeline.forEachWithCancel(ReferencePipeline.java:127)
java.base/java.util.stream.AbstractPipeline.copyIntoWithCancel(AbstractPipeline.java:502)
java.base/java.util.stream.AbstractPipeline.copyInto(AbstractPipeline.java:488)
java.base/java.util.stream.AbstractPipeline.wrapAndCopyInto(AbstractPipeline.java:474)
java.base/java.util.stream.FindOps$FindOp.evaluateSequential(FindOps.java:150)
java.base/java.util.stream.AbstractPipeline.evaluate(AbstractPipeline.java:234)
java.base/java.util.stream.ReferencePipeline.findFirst(ReferencePipeline.java:543)
org.openqa.selenium.remote.ProtocolHandshake.createSession(ProtocolHandshake.java:126)
org.openqa.selenium.remote.ProtocolHandshake.createSession(ProtocolHandshake.java:73)
org.openqa.selenium.remote.HttpCommandExecutor.execute(HttpCommandExecutor.java:136)
org.openqa.selenium.remote.service.DriverCommandExecutor.execute(DriverCommandExecutor.java:83)
org.openqa.selenium.remote.RemoteWebDriver.execute(RemoteWebDriver.java:543)
org.openqa.selenium.remote.RemoteWebDriver.startSession(RemoteWebDriver.java:207)
org.openqa.selenium.remote.RemoteWebDriver.<init>(RemoteWebDriver.java:130)
org.openqa.selenium.chrome.ChromeDriver.<init>(ChromeDriver.java:181)
org.openqa.selenium.chrome.ChromeDriver.<init>(ChromeDriver.java:168)
org.openqa.selenium.chrome.ChromeDriver.<init>(ChromeDriver.java:157)
driver.DriverFactory.getDriver(DriverFactory.java:39)
driver.Driver.initializeDriver(Driver.java:16)
java.base/jdk.internal.reflect.NativeMethodAccessorImpl.invoke0(Native Method)
java.base/jdk.internal.reflect.NativeMethodAccessorImpl.invoke(NativeMethodAccessorImpl.java:62)
java.base/jdk.internal.reflect.DelegatingMethodAccessorImpl.invoke(DelegatingMethodAccessorImpl.java:43)
java.base/java.lang.reflect.Method.invoke(Method.java:567)
com.thoughtworks.gauge.execution.MethodExecutor.execute(MethodExecutor.java:38)
com.thoughtworks.gauge.execution.HooksExecutor$TaggedHookExecutor.executeHook(HooksExecutor.java:102)
com.thoughtworks.gauge.execution.HooksExecutor$TaggedHookExecutor.execute(HooksExecutor.java:88)
com.thoughtworks.gauge.execution.HooksExecutor.execute(HooksExecutor.java:45)
com.thoughtworks.gauge.processor.MethodExecutionMessageProcessor.executeHooks(MethodExecutionMessageProcessor.java:65)
com.thoughtworks.gauge.processor.SuiteExecutionStartingProcessor.process(SuiteExecutionStartingProcessor.java:36)
com.thoughtworks.gauge.connection.MessageDispatcher.dispatchMessages(MessageDispatcher.java:83)
com.thoughtworks.gauge.GaugeRuntime.dispatchMessages(GaugeRuntime.java:124)
com.thoughtworks.gauge.GaugeRuntime.lambda$connectSynchronously$1(GaugeRuntime.java:106)
java.base/java.lang.Thread.run(Thread.java:835)
14:02:33.203 Error Message: java.lang.NullPointerException
14:02:33.203 Stacktrace: 
driver.Driver.closeDriver(Driver.java:22)
java.base/jdk.internal.reflect.NativeMethodAccessorImpl.invoke0(Native Method)
java.base/jdk.internal.reflect.NativeMethodAccessorImpl.invoke(NativeMethodAccessorImpl.java:62)
java.base/jdk.internal.reflect.DelegatingMethodAccessorImpl.invoke(DelegatingMethodAccessorImpl.java:43)
java.base/java.lang.reflect.Method.invoke(Method.java:567)
com.thoughtworks.gauge.execution.MethodExecutor.execute(MethodExecutor.java:38)
com.thoughtworks.gauge.execution.HooksExecutor$TaggedHookExecutor.executeHook(HooksExecutor.java:102)
com.thoughtworks.gauge.execution.HooksExecutor$TaggedHookExecutor.execute(HooksExecutor.java:88)
com.thoughtworks.gauge.execution.HooksExecutor.execute(HooksExecutor.java:45)
com.thoughtworks.gauge.processor.MethodExecutionMessageProcessor.executeHooks(MethodExecutionMessageProcessor.java:65)
com.thoughtworks.gauge.processor.SuiteExecutionEndingProcessor.process(SuiteExecutionEndingProcessor.java:35)
com.thoughtworks.gauge.connection.MessageDispatcher.dispatchMessages(MessageDispatcher.java:83)
com.thoughtworks.gauge.GaugeRuntime.dispatchMessages(GaugeRuntime.java:124)
com.thoughtworks.gauge.GaugeRuntime.lambda$connectSynchronously$1(GaugeRuntime.java:106)
java.base/java.lang.Thread.run(Thread.java:835)
14:02:33.217 Closing connection [127.0.0.1:49612] cause: EOF
14:02:33.304 Plugin [Html Report] with pid [3197] has exited
14:02:33.712 Closing connection [127.0.0.1:49608] cause: EOF
14:02:33.714 Specifications:	0 executed	0 passed	0 failed	0 skipped
14:02:33.714 Scenarios:	0 executed	0 passed	0 failed	0 skipped
14:02:33.714 
Total time taken: 3.922s
14:02:33.715 Updates are available. Run `gauge update -c` for more info.
14:02:54.496 Plugin java is already installed.
14:02:54.496 Plugin html-report is already installed.
14:02:55.715 Api Request Received: messageType:GetStepValueRequest messageId:4 stepValueRequest:<stepText:"Ensure installation instructions are available" > 
14:02:55.716 Sending API response: messageType:GetStepValueResponse messageId:4 stepValueResponse:<stepValue:<stepValue:"Ensure installation instructions are available" parameterizedStepValue:"Ensure installation instructions are available" > > 
14:02:55.722 Api Request Received: messageType:GetStepValueRequest messageId:4 stepValueRequest:<stepText:"Go to Gauge Get Started Page" > 
14:02:55.722 Sending API response: messageType:GetStepValueResponse messageId:4 stepValueResponse:<stepValue:<stepValue:"Go to Gauge Get Started Page" parameterizedStepValue:"Go to Gauge Get Started Page" > > 
14:02:55.723 Api Request Received: messageType:GetStepValueRequest messageId:4 stepValueRequest:<stepText:"Open the Gauge homepage" > 
14:02:55.723 Sending API response: messageType:GetStepValueResponse messageId:4 stepValueResponse:<stepValue:<stepValue:"Open the Gauge homepage" parameterizedStepValue:"Open the Gauge homepage" > > 
14:02:56.679 Checking updates...
14:03:00.262 Error Message: org.openqa.selenium.SessionNotCreatedException: session not created: This version of ChromeDriver only supports Chrome version 74
  (Driver info: chromedriver=74.0.3729.6 (255758eccf3d244491b8a1317aa76e1ce10d57e9-refs/branch-heads/3729@{#29}),platform=Mac OS X 10.14.3 x86_64) (WARNING: The server did not provide any stacktrace information)
Command duration or timeout: 946 milliseconds
Build info: version: '3.12.0', revision: '7c6e0b3', time: '2018-05-08T14:04:26.12Z'
System info: host: 'IN-Subhasc.local', ip: 'fe80:0:0:0:858:fd18:2282:b426%!e(MISSING)n0', os.name: 'Mac OS X', os.arch: 'x86_64', os.version: '10.14.3', java.version: '12'
Driver info: driver.version: Driver
14:03:00.262 Stacktrace: 
java.base/jdk.internal.reflect.NativeConstructorAccessorImpl.newInstance0(Native Method)
java.base/jdk.internal.reflect.NativeConstructorAccessorImpl.newInstance(NativeConstructorAccessorImpl.java:62)
java.base/jdk.internal.reflect.DelegatingConstructorAccessorImpl.newInstance(DelegatingConstructorAccessorImpl.java:45)
java.base/java.lang.reflect.Constructor.newInstanceWithCaller(Constructor.java:500)
java.base/java.lang.reflect.Constructor.newInstance(Constructor.java:481)
org.openqa.selenium.remote.ErrorHandler.createThrowable(ErrorHandler.java:214)
org.openqa.selenium.remote.ErrorHandler.throwIfResponseFailed(ErrorHandler.java:166)
org.openqa.selenium.remote.JsonWireProtocolResponse.lambda$new$0(JsonWireProtocolResponse.java:53)
org.openqa.selenium.remote.JsonWireProtocolResponse.lambda$getResponseFunction$2(JsonWireProtocolResponse.java:91)
org.openqa.selenium.remote.ProtocolHandshake.lambda$createSession$0(ProtocolHandshake.java:123)
java.base/java.util.stream.ReferencePipeline$3$1.accept(ReferencePipeline.java:195)
java.base/java.util.Spliterators$ArraySpliterator.tryAdvance(Spliterators.java:958)
java.base/java.util.stream.ReferencePipeline.forEachWithCancel(ReferencePipeline.java:127)
java.base/java.util.stream.AbstractPipeline.copyIntoWithCancel(AbstractPipeline.java:502)
java.base/java.util.stream.AbstractPipeline.copyInto(AbstractPipeline.java:488)
java.base/java.util.stream.AbstractPipeline.wrapAndCopyInto(AbstractPipeline.java:474)
java.base/java.util.stream.FindOps$FindOp.evaluateSequential(FindOps.java:150)
java.base/java.util.stream.AbstractPipeline.evaluate(AbstractPipeline.java:234)
java.base/java.util.stream.ReferencePipeline.findFirst(ReferencePipeline.java:543)
org.openqa.selenium.remote.ProtocolHandshake.createSession(ProtocolHandshake.java:126)
org.openqa.selenium.remote.ProtocolHandshake.createSession(ProtocolHandshake.java:73)
org.openqa.selenium.remote.HttpCommandExecutor.execute(HttpCommandExecutor.java:136)
org.openqa.selenium.remote.service.DriverCommandExecutor.execute(DriverCommandExecutor.java:83)
org.openqa.selenium.remote.RemoteWebDriver.execute(RemoteWebDriver.java:543)
org.openqa.selenium.remote.RemoteWebDriver.startSession(RemoteWebDriver.java:207)
org.openqa.selenium.remote.RemoteWebDriver.<init>(RemoteWebDriver.java:130)
org.openqa.selenium.chrome.ChromeDriver.<init>(ChromeDriver.java:181)
org.openqa.selenium.chrome.ChromeDriver.<init>(ChromeDriver.java:168)
org.openqa.selenium.chrome.ChromeDriver.<init>(ChromeDriver.java:157)
driver.DriverFactory.getDriver(DriverFactory.java:39)
driver.Driver.initializeDriver(Driver.java:16)
java.base/jdk.internal.reflect.NativeMethodAccessorImpl.invoke0(Native Method)
java.base/jdk.internal.reflect.NativeMethodAccessorImpl.invoke(NativeMethodAccessorImpl.java:62)
java.base/jdk.internal.reflect.DelegatingMethodAccessorImpl.invoke(DelegatingMethodAccessorImpl.java:43)
java.base/java.lang.reflect.Method.invoke(Method.java:567)
com.thoughtworks.gauge.execution.MethodExecutor.execute(MethodExecutor.java:38)
com.thoughtworks.gauge.execution.HooksExecutor$TaggedHookExecutor.executeHook(HooksExecutor.java:102)
com.thoughtworks.gauge.execution.HooksExecutor$TaggedHookExecutor.execute(HooksExecutor.java:88)
com.thoughtworks.gauge.execution.HooksExecutor.execute(HooksExecutor.java:45)
com.thoughtworks.gauge.processor.MethodExecutionMessageProcessor.executeHooks(MethodExecutionMessageProcessor.java:65)
com.thoughtworks.gauge.processor.SuiteExecutionStartingProcessor.process(SuiteExecutionStartingProcessor.java:36)
com.thoughtworks.gauge.connection.MessageDispatcher.dispatchMessages(MessageDispatcher.java:83)
com.thoughtworks.gauge.GaugeRuntime.dispatchMessages(GaugeRuntime.java:124)
com.thoughtworks.gauge.GaugeRuntime.lambda$connectSynchronously$1(GaugeRuntime.java:106)
java.base/java.lang.Thread.run(Thread.java:835)
14:03:00.262 Error Message: java.lang.NullPointerException
14:03:00.262 Stacktrace: 
driver.Driver.closeDriver(Driver.java:22)
java.base/jdk.internal.reflect.NativeMethodAccessorImpl.invoke0(Native Method)
java.base/jdk.internal.reflect.NativeMethodAccessorImpl.invoke(NativeMethodAccessorImpl.java:62)
java.base/jdk.internal.reflect.DelegatingMethodAccessorImpl.invoke(DelegatingMethodAccessorImpl.java:43)
java.base/java.lang.reflect.Method.invoke(Method.java:567)
com.thoughtworks.gauge.execution.MethodExecutor.execute(MethodExecutor.java:38)
com.thoughtworks.gauge.execution.HooksExecutor$TaggedHookExecutor.executeHook(HooksExecutor.java:102)
com.thoughtworks.gauge.execution.HooksExecutor$TaggedHookExecutor.execute(HooksExecutor.java:88)
com.thoughtworks.gauge.execution.HooksExecutor.execute(HooksExecutor.java:45)
com.thoughtworks.gauge.processor.MethodExecutionMessageProcessor.executeHooks(MethodExecutionMessageProcessor.java:65)
com.thoughtworks.gauge.processor.SuiteExecutionEndingProcessor.process(SuiteExecutionEndingProcessor.java:35)
com.thoughtworks.gauge.connection.MessageDispatcher.dispatchMessages(MessageDispatcher.java:83)
com.thoughtworks.gauge.GaugeRuntime.dispatchMessages(GaugeRuntime.java:124)
com.thoughtworks.gauge.GaugeRuntime.lambda$connectSynchronously$1(GaugeRuntime.java:106)
java.base/java.lang.Thread.run(Thread.java:835)
14:03:00.276 Closing connection [127.0.0.1:49635] cause: EOF
14:03:00.366 Plugin [Html Report] with pid [3290] has exited
14:03:00.771 Closing connection [127.0.0.1:49631] cause: EOF
14:03:00.774 Specifications:	0 executed	0 passed	0 failed	0 skipped
14:03:00.774 Scenarios:	0 executed	0 passed	0 failed	0 skipped
14:03:00.774 
Total time taken: 3.881s
14:03:00.774 Updates are available. Run `gauge update -c` for more info.
14:04:32.486 Plugin java is already installed.
14:04:32.486 Plugin html-report is already installed.
14:04:33.634 Api Request Received: messageType:GetStepValueRequest messageId:4 stepValueRequest:<stepText:"Ensure installation instructions are available" > 
14:04:33.635 Sending API response: messageType:GetStepValueResponse messageId:4 stepValueResponse:<stepValue:<stepValue:"Ensure installation instructions are available" parameterizedStepValue:"Ensure installation instructions are available" > > 
14:04:33.641 Api Request Received: messageType:GetStepValueRequest messageId:4 stepValueRequest:<stepText:"Go to Gauge Get Started Page" > 
14:04:33.641 Sending API response: messageType:GetStepValueResponse messageId:4 stepValueResponse:<stepValue:<stepValue:"Go to Gauge Get Started Page" parameterizedStepValue:"Go to Gauge Get Started Page" > > 
14:04:33.641 Api Request Received: messageType:GetStepValueRequest messageId:4 stepValueRequest:<stepText:"Open the Gauge homepage" > 
14:04:33.641 Sending API response: messageType:GetStepValueResponse messageId:4 stepValueResponse:<stepValue:<stepValue:"Open the Gauge homepage" parameterizedStepValue:"Open the Gauge homepage" > > 
14:04:34.454 Checking updates...
14:04:38.059 Error Message: org.openqa.selenium.SessionNotCreatedException: session not created: This version of ChromeDriver only supports Chrome version 74
  (Driver info: chromedriver=74.0.3729.6 (255758eccf3d244491b8a1317aa76e1ce10d57e9-refs/branch-heads/3729@{#29}),platform=Mac OS X 10.14.3 x86_64) (WARNING: The server did not provide any stacktrace information)
Command duration or timeout: 924 milliseconds
Build info: version: '3.12.0', revision: '7c6e0b3', time: '2018-05-08T14:04:26.12Z'
System info: host: 'IN-Subhasc.local', ip: 'fe80:0:0:0:858:fd18:2282:b426%!e(MISSING)n0', os.name: 'Mac OS X', os.arch: 'x86_64', os.version: '10.14.3', java.version: '12'
Driver info: driver.version: Driver
14:04:38.059 Stacktrace: 
java.base/jdk.internal.reflect.NativeConstructorAccessorImpl.newInstance0(Native Method)
java.base/jdk.internal.reflect.NativeConstructorAccessorImpl.newInstance(NativeConstructorAccessorImpl.java:62)
java.base/jdk.internal.reflect.DelegatingConstructorAccessorImpl.newInstance(DelegatingConstructorAccessorImpl.java:45)
java.base/java.lang.reflect.Constructor.newInstanceWithCaller(Constructor.java:500)
java.base/java.lang.reflect.Constructor.newInstance(Constructor.java:481)
org.openqa.selenium.remote.ErrorHandler.createThrowable(ErrorHandler.java:214)
org.openqa.selenium.remote.ErrorHandler.throwIfResponseFailed(ErrorHandler.java:166)
org.openqa.selenium.remote.JsonWireProtocolResponse.lambda$new$0(JsonWireProtocolResponse.java:53)
org.openqa.selenium.remote.JsonWireProtocolResponse.lambda$getResponseFunction$2(JsonWireProtocolResponse.java:91)
org.openqa.selenium.remote.ProtocolHandshake.lambda$createSession$0(ProtocolHandshake.java:123)
java.base/java.util.stream.ReferencePipeline$3$1.accept(ReferencePipeline.java:195)
java.base/java.util.Spliterators$ArraySpliterator.tryAdvance(Spliterators.java:958)
java.base/java.util.stream.ReferencePipeline.forEachWithCancel(ReferencePipeline.java:127)
java.base/java.util.stream.AbstractPipeline.copyIntoWithCancel(AbstractPipeline.java:502)
java.base/java.util.stream.AbstractPipeline.copyInto(AbstractPipeline.java:488)
java.base/java.util.stream.AbstractPipeline.wrapAndCopyInto(AbstractPipeline.java:474)
java.base/java.util.stream.FindOps$FindOp.evaluateSequential(FindOps.java:150)
java.base/java.util.stream.AbstractPipeline.evaluate(AbstractPipeline.java:234)
java.base/java.util.stream.ReferencePipeline.findFirst(ReferencePipeline.java:543)
org.openqa.selenium.remote.ProtocolHandshake.createSession(ProtocolHandshake.java:126)
org.openqa.selenium.remote.ProtocolHandshake.createSession(ProtocolHandshake.java:73)
org.openqa.selenium.remote.HttpCommandExecutor.execute(HttpCommandExecutor.java:136)
org.openqa.selenium.remote.service.DriverCommandExecutor.execute(DriverCommandExecutor.java:83)
org.openqa.selenium.remote.RemoteWebDriver.execute(RemoteWebDriver.java:543)
org.openqa.selenium.remote.RemoteWebDriver.startSession(RemoteWebDriver.java:207)
org.openqa.selenium.remote.RemoteWebDriver.<init>(RemoteWebDriver.java:130)
org.openqa.selenium.chrome.ChromeDriver.<init>(ChromeDriver.java:181)
org.openqa.selenium.chrome.ChromeDriver.<init>(ChromeDriver.java:168)
org.openqa.selenium.chrome.ChromeDriver.<init>(ChromeDriver.java:157)
driver.DriverFactory.getDriver(DriverFactory.java:39)
driver.Driver.initializeDriver(Driver.java:16)
java.base/jdk.internal.reflect.NativeMethodAccessorImpl.invoke0(Native Method)
java.base/jdk.internal.reflect.NativeMethodAccessorImpl.invoke(NativeMethodAccessorImpl.java:62)
java.base/jdk.internal.reflect.DelegatingMethodAccessorImpl.invoke(DelegatingMethodAccessorImpl.java:43)
java.base/java.lang.reflect.Method.invoke(Method.java:567)
com.thoughtworks.gauge.execution.MethodExecutor.execute(MethodExecutor.java:38)
com.thoughtworks.gauge.execution.HooksExecutor$TaggedHookExecutor.executeHook(HooksExecutor.java:102)
com.thoughtworks.gauge.execution.HooksExecutor$TaggedHookExecutor.execute(HooksExecutor.java:88)
com.thoughtworks.gauge.execution.HooksExecutor.execute(HooksExecutor.java:45)
com.thoughtworks.gauge.processor.MethodExecutionMessageProcessor.executeHooks(MethodExecutionMessageProcessor.java:65)
com.thoughtworks.gauge.processor.SuiteExecutionStartingProcessor.process(SuiteExecutionStartingProcessor.java:36)
com.thoughtworks.gauge.connection.MessageDispatcher.dispatchMessages(MessageDispatcher.java:83)
com.thoughtworks.gauge.GaugeRuntime.dispatchMessages(GaugeRuntime.java:124)
com.thoughtworks.gauge.GaugeRuntime.lambda$connectSynchronously$1(GaugeRuntime.java:106)
java.base/java.lang.Thread.run(Thread.java:835)
14:04:38.060 Error Message: java.lang.NullPointerException
14:04:38.060 Stacktrace: 
driver.Driver.closeDriver(Driver.java:22)
java.base/jdk.internal.reflect.NativeMethodAccessorImpl.invoke0(Native Method)
java.base/jdk.internal.reflect.NativeMethodAccessorImpl.invoke(NativeMethodAccessorImpl.java:62)
java.base/jdk.internal.reflect.DelegatingMethodAccessorImpl.invoke(DelegatingMethodAccessorImpl.java:43)
java.base/java.lang.reflect.Method.invoke(Method.java:567)
com.thoughtworks.gauge.execution.MethodExecutor.execute(MethodExecutor.java:38)
com.thoughtworks.gauge.execution.HooksExecutor$TaggedHookExecutor.executeHook(HooksExecutor.java:102)
com.thoughtworks.gauge.execution.HooksExecutor$TaggedHookExecutor.execute(HooksExecutor.java:88)
com.thoughtworks.gauge.execution.HooksExecutor.execute(HooksExecutor.java:45)
com.thoughtworks.gauge.processor.MethodExecutionMessageProcessor.executeHooks(MethodExecutionMessageProcessor.java:65)
com.thoughtworks.gauge.processor.SuiteExecutionEndingProcessor.process(SuiteExecutionEndingProcessor.java:35)
com.thoughtworks.gauge.connection.MessageDispatcher.dispatchMessages(MessageDispatcher.java:83)
com.thoughtworks.gauge.GaugeRuntime.dispatchMessages(GaugeRuntime.java:124)
com.thoughtworks.gauge.GaugeRuntime.lambda$connectSynchronously$1(GaugeRuntime.java:106)
java.base/java.lang.Thread.run(Thread.java:835)
14:04:38.068 Closing connection [127.0.0.1:49675] cause: EOF
14:04:38.161 Plugin [Html Report] with pid [3502] has exited
14:04:38.560 Closing connection [127.0.0.1:49671] cause: EOF
14:04:38.571 Specifications:	0 executed	0 passed	0 failed	0 skipped
14:04:38.571 Scenarios:	0 executed	0 passed	0 failed	0 skipped
14:04:38.571 
Total time taken: 3.761s
14:04:38.572 Updates are available. Run `gauge update -c` for more info.
14:06:19.086 Plugin java is already installed.
14:06:19.086 Plugin html-report is already installed.
14:06:20.267 Api Request Received: messageType:GetStepValueRequest messageId:4 stepValueRequest:<stepText:"Ensure installation instructions are available" > 
14:06:20.267 Sending API response: messageType:GetStepValueResponse messageId:4 stepValueResponse:<stepValue:<stepValue:"Ensure installation instructions are available" parameterizedStepValue:"Ensure installation instructions are available" > > 
14:06:20.273 Api Request Received: messageType:GetStepValueRequest messageId:4 stepValueRequest:<stepText:"Go to Gauge Get Started Page" > 
14:06:20.273 Sending API response: messageType:GetStepValueResponse messageId:4 stepValueResponse:<stepValue:<stepValue:"Go to Gauge Get Started Page" parameterizedStepValue:"Go to Gauge Get Started Page" > > 
14:06:20.274 Api Request Received: messageType:GetStepValueRequest messageId:4 stepValueRequest:<stepText:"Open the Gauge homepage" > 
14:06:20.274 Sending API response: messageType:GetStepValueResponse messageId:4 stepValueResponse:<stepValue:<stepValue:"Open the Gauge homepage" parameterizedStepValue:"Open the Gauge homepage" > > 
14:06:21.135 Checking updates...
14:06:24.760 Error Message: org.openqa.selenium.SessionNotCreatedException: session not created: This version of ChromeDriver only supports Chrome version 74
  (Driver info: chromedriver=74.0.3729.6 (255758eccf3d244491b8a1317aa76e1ce10d57e9-refs/branch-heads/3729@{#29}),platform=Mac OS X 10.14.3 x86_64) (WARNING: The server did not provide any stacktrace information)
Command duration or timeout: 983 milliseconds
Build info: version: '3.12.0', revision: '7c6e0b3', time: '2018-05-08T14:04:26.12Z'
System info: host: 'IN-Subhasc.local', ip: 'fe80:0:0:0:858:fd18:2282:b426%!e(MISSING)n0', os.name: 'Mac OS X', os.arch: 'x86_64', os.version: '10.14.3', java.version: '12'
Driver info: driver.version: Driver
14:06:24.760 Stacktrace: 
java.base/jdk.internal.reflect.NativeConstructorAccessorImpl.newInstance0(Native Method)
java.base/jdk.internal.reflect.NativeConstructorAccessorImpl.newInstance(NativeConstructorAccessorImpl.java:62)
java.base/jdk.internal.reflect.DelegatingConstructorAccessorImpl.newInstance(DelegatingConstructorAccessorImpl.java:45)
java.base/java.lang.reflect.Constructor.newInstanceWithCaller(Constructor.java:500)
java.base/java.lang.reflect.Constructor.newInstance(Constructor.java:481)
org.openqa.selenium.remote.ErrorHandler.createThrowable(ErrorHandler.java:214)
org.openqa.selenium.remote.ErrorHandler.throwIfResponseFailed(ErrorHandler.java:166)
org.openqa.selenium.remote.JsonWireProtocolResponse.lambda$new$0(JsonWireProtocolResponse.java:53)
org.openqa.selenium.remote.JsonWireProtocolResponse.lambda$getResponseFunction$2(JsonWireProtocolResponse.java:91)
org.openqa.selenium.remote.ProtocolHandshake.lambda$createSession$0(ProtocolHandshake.java:123)
java.base/java.util.stream.ReferencePipeline$3$1.accept(ReferencePipeline.java:195)
java.base/java.util.Spliterators$ArraySpliterator.tryAdvance(Spliterators.java:958)
java.base/java.util.stream.ReferencePipeline.forEachWithCancel(ReferencePipeline.java:127)
java.base/java.util.stream.AbstractPipeline.copyIntoWithCancel(AbstractPipeline.java:502)
java.base/java.util.stream.AbstractPipeline.copyInto(AbstractPipeline.java:488)
java.base/java.util.stream.AbstractPipeline.wrapAndCopyInto(AbstractPipeline.java:474)
java.base/java.util.stream.FindOps$FindOp.evaluateSequential(FindOps.java:150)
java.base/java.util.stream.AbstractPipeline.evaluate(AbstractPipeline.java:234)
java.base/java.util.stream.ReferencePipeline.findFirst(ReferencePipeline.java:543)
org.openqa.selenium.remote.ProtocolHandshake.createSession(ProtocolHandshake.java:126)
org.openqa.selenium.remote.ProtocolHandshake.createSession(ProtocolHandshake.java:73)
org.openqa.selenium.remote.HttpCommandExecutor.execute(HttpCommandExecutor.java:136)
org.openqa.selenium.remote.service.DriverCommandExecutor.execute(DriverCommandExecutor.java:83)
org.openqa.selenium.remote.RemoteWebDriver.execute(RemoteWebDriver.java:543)
org.openqa.selenium.remote.RemoteWebDriver.startSession(RemoteWebDriver.java:207)
org.openqa.selenium.remote.RemoteWebDriver.<init>(RemoteWebDriver.java:130)
org.openqa.selenium.chrome.ChromeDriver.<init>(ChromeDriver.java:181)
org.openqa.selenium.chrome.ChromeDriver.<init>(ChromeDriver.java:168)
org.openqa.selenium.chrome.ChromeDriver.<init>(ChromeDriver.java:157)
driver.DriverFactory.getDriver(DriverFactory.java:39)
driver.Driver.initializeDriver(Driver.java:16)
java.base/jdk.internal.reflect.NativeMethodAccessorImpl.invoke0(Native Method)
java.base/jdk.internal.reflect.NativeMethodAccessorImpl.invoke(NativeMethodAccessorImpl.java:62)
java.base/jdk.internal.reflect.DelegatingMethodAccessorImpl.invoke(DelegatingMethodAccessorImpl.java:43)
java.base/java.lang.reflect.Method.invoke(Method.java:567)
com.thoughtworks.gauge.execution.MethodExecutor.execute(MethodExecutor.java:38)
com.thoughtworks.gauge.execution.HooksExecutor$TaggedHookExecutor.executeHook(HooksExecutor.java:102)
com.thoughtworks.gauge.execution.HooksExecutor$TaggedHookExecutor.execute(HooksExecutor.java:88)
com.thoughtworks.gauge.execution.HooksExecutor.execute(HooksExecutor.java:45)
com.thoughtworks.gauge.processor.MethodExecutionMessageProcessor.executeHooks(MethodExecutionMessageProcessor.java:65)
com.thoughtworks.gauge.processor.SuiteExecutionStartingProcessor.process(SuiteExecutionStartingProcessor.java:36)
com.thoughtworks.gauge.connection.MessageDispatcher.dispatchMessages(MessageDispatcher.java:83)
com.thoughtworks.gauge.GaugeRuntime.dispatchMessages(GaugeRuntime.java:124)
com.thoughtworks.gauge.GaugeRuntime.lambda$connectSynchronously$1(GaugeRuntime.java:106)
java.base/java.lang.Thread.run(Thread.java:835)
14:06:24.760 Error Message: java.lang.NullPointerException
14:06:24.760 Stacktrace: 
driver.Driver.closeDriver(Driver.java:22)
java.base/jdk.internal.reflect.NativeMethodAccessorImpl.invoke0(Native Method)
java.base/jdk.internal.reflect.NativeMethodAccessorImpl.invoke(NativeMethodAccessorImpl.java:62)
java.base/jdk.internal.reflect.DelegatingMethodAccessorImpl.invoke(DelegatingMethodAccessorImpl.java:43)
java.base/java.lang.reflect.Method.invoke(Method.java:567)
com.thoughtworks.gauge.execution.MethodExecutor.execute(MethodExecutor.java:38)
com.thoughtworks.gauge.execution.HooksExecutor$TaggedHookExecutor.executeHook(HooksExecutor.java:102)
com.thoughtworks.gauge.execution.HooksExecutor$TaggedHookExecutor.execute(HooksExecutor.java:88)
com.thoughtworks.gauge.execution.HooksExecutor.execute(HooksExecutor.java:45)
com.thoughtworks.gauge.processor.MethodExecutionMessageProcessor.executeHooks(MethodExecutionMessageProcessor.java:65)
com.thoughtworks.gauge.processor.SuiteExecutionEndingProcessor.process(SuiteExecutionEndingProcessor.java:35)
com.thoughtworks.gauge.connection.MessageDispatcher.dispatchMessages(MessageDispatcher.java:83)
com.thoughtworks.gauge.GaugeRuntime.dispatchMessages(GaugeRuntime.java:124)
com.thoughtworks.gauge.GaugeRuntime.lambda$connectSynchronously$1(GaugeRuntime.java:106)
java.base/java.lang.Thread.run(Thread.java:835)
14:06:24.769 Closing connection [127.0.0.1:49702] cause: EOF
14:06:24.864 Plugin [Html Report] with pid [3713] has exited
14:06:25.245 Closing connection [127.0.0.1:49698] cause: EOF
14:06:25.271 Specifications:	0 executed	0 passed	0 failed	0 skipped
14:06:25.271 Scenarios:	0 executed	0 passed	0 failed	0 skipped
14:06:25.271 
Total time taken: 3.809s
14:06:25.272 Updates are available. Run `gauge update -c` for more info.
14:06:49.742 Plugin java is already installed.
14:06:49.743 Plugin html-report is already installed.
14:06:51.492 Api Request Received: messageType:GetStepValueRequest messageId:4 stepValueRequest:<stepText:"Ensure installation instructions are available" > 
14:06:51.493 Sending API response: messageType:GetStepValueResponse messageId:4 stepValueResponse:<stepValue:<stepValue:"Ensure installation instructions are available" parameterizedStepValue:"Ensure installation instructions are available" > > 
14:06:51.499 Api Request Received: messageType:GetStepValueRequest messageId:4 stepValueRequest:<stepText:"Go to Gauge Get Started Page" > 
14:06:51.499 Sending API response: messageType:GetStepValueResponse messageId:4 stepValueResponse:<stepValue:<stepValue:"Go to Gauge Get Started Page" parameterizedStepValue:"Go to Gauge Get Started Page" > > 
14:06:51.499 Api Request Received: messageType:GetStepValueRequest messageId:4 stepValueRequest:<stepText:"Open the Gauge homepage" > 
14:06:51.499 Sending API response: messageType:GetStepValueResponse messageId:4 stepValueResponse:<stepValue:<stepValue:"Open the Gauge homepage" parameterizedStepValue:"Open the Gauge homepage" > > 
14:06:51.780 Checking updates...
14:06:56.234 Closing connection [127.0.0.1:49727] cause: EOF
14:06:56.332 Plugin [Html Report] with pid [3793] has exited
14:06:56.723 Closing connection [127.0.0.1:49721] cause: EOF
14:06:56.742 Specifications:	0 executed	0 passed	0 failed	0 skipped
14:06:56.742 Scenarios:	0 executed	0 passed	0 failed	0 skipped
14:06:56.742 
Total time taken: 4.064s
14:06:56.743 Updates are available. Run `gauge update -c` for more info.
14:08:01.555 Plugin java is already installed.
14:08:01.556 Plugin html-report is already installed.
14:08:02.780 Api Request Received: messageType:GetStepValueRequest messageId:4 stepValueRequest:<stepText:"Ensure installation instructions are available" > 
14:08:02.780 Sending API response: messageType:GetStepValueResponse messageId:4 stepValueResponse:<stepValue:<stepValue:"Ensure installation instructions are available" parameterizedStepValue:"Ensure installation instructions are available" > > 
14:08:02.786 Api Request Received: messageType:GetStepValueRequest messageId:4 stepValueRequest:<stepText:"Go to Gauge Get Started Page" > 
14:08:02.786 Sending API response: messageType:GetStepValueResponse messageId:4 stepValueResponse:<stepValue:<stepValue:"Go to Gauge Get Started Page" parameterizedStepValue:"Go to Gauge Get Started Page" > > 
14:08:02.786 Api Request Received: messageType:GetStepValueRequest messageId:4 stepValueRequest:<stepText:"Open the Gauge homepage" > 
14:08:02.786 Sending API response: messageType:GetStepValueResponse messageId:4 stepValueResponse:<stepValue:<stepValue:"Open the Gauge homepage" parameterizedStepValue:"Open the Gauge homepage" > > 
14:08:03.720 Checking updates...
14:08:15.382 # Getting Started with Gauge
14:08:15.383 ## Get Started
14:08:15.385 * Open the Gauge homepage

14:08:19.061 * Go to Gauge Get Started Page
14:08:20.390 Failed Step: Go to Gauge Get Started Page
14:08:20.390 Error Message: org.openqa.selenium.NoSuchElementException: Unable to locate element: //a[@href='/getting-started-guide/we-start']
For documentation on this error, please visit: http://seleniumhq.org/exceptions/no_such_element.html
Build info: version: '3.12.0', revision: '7c6e0b3', time: '2018-05-08T14:04:26.12Z'
System info: host: 'IN-Subhasc.local', ip: 'fe80:0:0:0:858:fd18:2282:b426%!e(MISSING)n0', os.name: 'Mac OS X', os.arch: 'x86_64', os.version: '10.14.3', java.version: '12'
Driver info: org.openqa.selenium.firefox.FirefoxDriver
Capabilities {acceptInsecureCerts: true, browserName: firefox, browserVersion: 65.0.1, javascriptEnabled: true, moz:accessibilityChecks: false, moz:geckodriverVersion: 0.24.0, moz:headless: false, moz:processID: 3962, moz:profile: /var/folders/4_/9jv3j4y15y9..., moz:shutdownTimeout: 60000, moz:useNonSpecCompliantPointerOrigin: false, moz:webdriverClick: true, pageLoadStrategy: normal, platform: MAC, platformName: MAC, platformVersion: 18.2.0, rotatable: false, setWindowRect: true, strictFileInteractability: false, timeouts: {implicit: 0, pageLoad: 300000, script: 30000}, unhandledPromptBehavior: dismiss and notify}
Session ID: 7d773a87-e2a9-ca42-ac87-fab5d669eed3
*** Element info: {Using=xpath, value=//a[@href='/getting-started-guide/we-start']}
14:08:20.390 Specification: specs/example.spec:11
14:08:20.390 Stacktrace: 
java.base/jdk.internal.reflect.NativeConstructorAccessorImpl.newInstance0(Native Method)
java.base/jdk.internal.reflect.NativeConstructorAccessorImpl.newInstance(NativeConstructorAccessorImpl.java:62)
java.base/jdk.internal.reflect.DelegatingConstructorAccessorImpl.newInstance(DelegatingConstructorAccessorImpl.java:45)
java.base/java.lang.reflect.Constructor.newInstanceWithCaller(Constructor.java:500)
java.base/java.lang.reflect.Constructor.newInstance(Constructor.java:481)
org.openqa.selenium.remote.http.W3CHttpResponseCodec.createException(W3CHttpResponseCodec.java:187)
org.openqa.selenium.remote.http.W3CHttpResponseCodec.decode(W3CHttpResponseCodec.java:122)
org.openqa.selenium.remote.http.W3CHttpResponseCodec.decode(W3CHttpResponseCodec.java:49)
org.openqa.selenium.remote.HttpCommandExecutor.execute(HttpCommandExecutor.java:158)
org.openqa.selenium.remote.service.DriverCommandExecutor.execute(DriverCommandExecutor.java:83)
org.openqa.selenium.remote.RemoteWebDriver.execute(RemoteWebDriver.java:543)
org.openqa.selenium.remote.RemoteWebDriver.findElement(RemoteWebDriver.java:317)
org.openqa.selenium.remote.RemoteWebDriver.findElementByXPath(RemoteWebDriver.java:419)
org.openqa.selenium.By$ByXPath.findElement(By.java:353)
org.openqa.selenium.remote.RemoteWebDriver.findElement(RemoteWebDriver.java:309)
test.StepImplementation.gotoGetStartedPage(StepImplementation.java:14)
java.base/jdk.internal.reflect.NativeMethodAccessorImpl.invoke0(Native Method)
java.base/jdk.internal.reflect.NativeMethodAccessorImpl.invoke(NativeMethodAccessorImpl.java:62)
java.base/jdk.internal.reflect.DelegatingMethodAccessorImpl.invoke(DelegatingMethodAccessorImpl.java:43)
java.base/java.lang.reflect.Method.invoke(Method.java:567)
com.thoughtworks.gauge.execution.MethodExecutor.execute(MethodExecutor.java:38)
com.thoughtworks.gauge.execution.StepExecutionStage.executeStepMethod(StepExecutionStage.java:76)
com.thoughtworks.gauge.execution.StepExecutionStage.executeStep(StepExecutionStage.java:69)
com.thoughtworks.gauge.execution.StepExecutionStage.execute(StepExecutionStage.java:51)
com.thoughtworks.gauge.execution.AbstractExecutionStage.executeNext(AbstractExecutionStage.java:24)
com.thoughtworks.gauge.execution.HookExecutionStage.execute(HookExecutionStage.java:43)
com.thoughtworks.gauge.execution.ExecutionPipeline.start(ExecutionPipeline.java:29)
com.thoughtworks.gauge.processor.ExecuteStepProcessor.process(ExecuteStepProcessor.java:48)
com.thoughtworks.gauge.connection.MessageDispatcher.dispatchMessages(MessageDispatcher.java:83)
com.thoughtworks.gauge.GaugeRuntime.dispatchMessages(GaugeRuntime.java:124)
com.thoughtworks.gauge.GaugeRuntime.lambda$connectSynchronously$1(GaugeRuntime.java:106)
java.base/java.lang.Thread.run(Thread.java:835)
14:08:20.886 Closing connection [127.0.0.1:49748] cause: EOF
14:08:20.957 Plugin [Html Report] with pid [3943] has exited
14:08:21.292 Closing connection [127.0.0.1:49744] cause: EOF
14:08:21.366 Specifications:	1 executed	0 passed	1 failed	0 skipped
14:08:21.366 Scenarios:	1 executed	0 passed	1 failed	0 skipped
14:08:21.366 
Total time taken: 17.366s
14:08:21.366 Updates are available. Run `gauge update -c` for more info.
14:13:08.824 Plugin html-report is already installed.
14:13:08.824 Plugin java is already installed.
14:13:10.049 Api Request Received: messageType:GetStepValueRequest messageId:4 stepValueRequest:<stepText:"Ensure installation instructions are available" > 
14:13:10.050 Sending API response: messageType:GetStepValueResponse messageId:4 stepValueResponse:<stepValue:<stepValue:"Ensure installation instructions are available" parameterizedStepValue:"Ensure installation instructions are available" > > 
14:13:10.056 Api Request Received: messageType:GetStepValueRequest messageId:4 stepValueRequest:<stepText:"Go to Gauge Get Started Page" > 
14:13:10.056 Sending API response: messageType:GetStepValueResponse messageId:4 stepValueResponse:<stepValue:<stepValue:"Go to Gauge Get Started Page" parameterizedStepValue:"Go to Gauge Get Started Page" > > 
14:13:10.056 Api Request Received: messageType:GetStepValueRequest messageId:4 stepValueRequest:<stepText:"Open the Gauge homepage" > 
14:13:10.056 Sending API response: messageType:GetStepValueResponse messageId:4 stepValueResponse:<stepValue:<stepValue:"Open the Gauge homepage" parameterizedStepValue:"Open the Gauge homepage" > > 
14:13:10.641 Checking updates...
14:13:16.244 # Getting Started with Gauge
14:13:16.245 ## Get Started
14:13:16.247 * Open the Gauge homepage

14:13:17.882 * Go to Gauge Get Started Page
14:13:19.246 Failed Step: Go to Gauge Get Started Page
14:13:19.246 Error Message: org.openqa.selenium.NoSuchElementException: Unable to locate element: //a[@href='/getting-started-guide/we-start']
For documentation on this error, please visit: http://seleniumhq.org/exceptions/no_such_element.html
Build info: version: '3.12.0', revision: '7c6e0b3', time: '2018-05-08T14:04:26.12Z'
System info: host: 'IN-Subhasc.local', ip: 'fe80:0:0:0:858:fd18:2282:b426%!e(MISSING)n0', os.name: 'Mac OS X', os.arch: 'x86_64', os.version: '10.14.3', java.version: '12'
Driver info: org.openqa.selenium.firefox.FirefoxDriver
Capabilities {acceptInsecureCerts: true, browserName: firefox, browserVersion: 65.0.1, javascriptEnabled: true, moz:accessibilityChecks: false, moz:geckodriverVersion: 0.24.0, moz:headless: false, moz:processID: 4447, moz:profile: /var/folders/4_/9jv3j4y15y9..., moz:shutdownTimeout: 60000, moz:useNonSpecCompliantPointerOrigin: false, moz:webdriverClick: true, pageLoadStrategy: normal, platform: MAC, platformName: MAC, platformVersion: 18.2.0, rotatable: false, setWindowRect: true, strictFileInteractability: false, timeouts: {implicit: 0, pageLoad: 300000, script: 30000}, unhandledPromptBehavior: dismiss and notify}
Session ID: df3b2cc0-8b13-7642-a7bd-ef486dcf29f5
*** Element info: {Using=xpath, value=//a[@href='/getting-started-guide/we-start']}
14:13:19.246 Specification: specs/example.spec:11
14:13:19.246 Stacktrace: 
java.base/jdk.internal.reflect.NativeConstructorAccessorImpl.newInstance0(Native Method)
java.base/jdk.internal.reflect.NativeConstructorAccessorImpl.newInstance(NativeConstructorAccessorImpl.java:62)
java.base/jdk.internal.reflect.DelegatingConstructorAccessorImpl.newInstance(DelegatingConstructorAccessorImpl.java:45)
java.base/java.lang.reflect.Constructor.newInstanceWithCaller(Constructor.java:500)
java.base/java.lang.reflect.Constructor.newInstance(Constructor.java:481)
org.openqa.selenium.remote.http.W3CHttpResponseCodec.createException(W3CHttpResponseCodec.java:187)
org.openqa.selenium.remote.http.W3CHttpResponseCodec.decode(W3CHttpResponseCodec.java:122)
org.openqa.selenium.remote.http.W3CHttpResponseCodec.decode(W3CHttpResponseCodec.java:49)
org.openqa.selenium.remote.HttpCommandExecutor.execute(HttpCommandExecutor.java:158)
org.openqa.selenium.remote.service.DriverCommandExecutor.execute(DriverCommandExecutor.java:83)
org.openqa.selenium.remote.RemoteWebDriver.execute(RemoteWebDriver.java:543)
org.openqa.selenium.remote.RemoteWebDriver.findElement(RemoteWebDriver.java:317)
org.openqa.selenium.remote.RemoteWebDriver.findElementByXPath(RemoteWebDriver.java:419)
org.openqa.selenium.By$ByXPath.findElement(By.java:353)
org.openqa.selenium.remote.RemoteWebDriver.findElement(RemoteWebDriver.java:309)
test.StepImplementation.gotoGetStartedPage(StepImplementation.java:14)
java.base/jdk.internal.reflect.NativeMethodAccessorImpl.invoke0(Native Method)
java.base/jdk.internal.reflect.NativeMethodAccessorImpl.invoke(NativeMethodAccessorImpl.java:62)
java.base/jdk.internal.reflect.DelegatingMethodAccessorImpl.invoke(DelegatingMethodAccessorImpl.java:43)
java.base/java.lang.reflect.Method.invoke(Method.java:567)
com.thoughtworks.gauge.execution.MethodExecutor.execute(MethodExecutor.java:38)
com.thoughtworks.gauge.execution.StepExecutionStage.executeStepMethod(StepExecutionStage.java:76)
com.thoughtworks.gauge.execution.StepExecutionStage.executeStep(StepExecutionStage.java:69)
com.thoughtworks.gauge.execution.StepExecutionStage.execute(StepExecutionStage.java:51)
com.thoughtworks.gauge.execution.AbstractExecutionStage.executeNext(AbstractExecutionStage.java:24)
com.thoughtworks.gauge.execution.HookExecutionStage.execute(HookExecutionStage.java:43)
com.thoughtworks.gauge.execution.ExecutionPipeline.start(ExecutionPipeline.java:29)
com.thoughtworks.gauge.processor.ExecuteStepProcessor.process(ExecuteStepProcessor.java:48)
com.thoughtworks.gauge.connection.MessageDispatcher.dispatchMessages(MessageDispatcher.java:83)
com.thoughtworks.gauge.GaugeRuntime.dispatchMessages(GaugeRuntime.java:124)
com.thoughtworks.gauge.GaugeRuntime.lambda$connectSynchronously$1(GaugeRuntime.java:106)
java.base/java.lang.Thread.run(Thread.java:835)
14:13:19.727 Closing connection [127.0.0.1:50331] cause: EOF
14:13:19.805 Plugin [Html Report] with pid [4445] has exited
14:13:20.166 Closing connection [127.0.0.1:50319] cause: EOF
14:13:20.217 Specifications:	1 executed	0 passed	1 failed	0 skipped
14:13:20.217 Scenarios:	1 executed	0 passed	1 failed	0 skipped
14:13:20.217 
Total time taken: 8.951s
14:13:20.217 Updates are available. Run `gauge update -c` for more info.
14:13:34.466 Plugin java is already installed.
14:13:34.466 Plugin html-report is already installed.
14:13:35.639 Api Request Received: messageType:GetStepValueRequest messageId:4 stepValueRequest:<stepText:"Ensure installation instructions are available" > 
14:13:35.640 Sending API response: messageType:GetStepValueResponse messageId:4 stepValueResponse:<stepValue:<stepValue:"Ensure installation instructions are available" parameterizedStepValue:"Ensure installation instructions are available" > > 
14:13:35.645 Api Request Received: messageType:GetStepValueRequest messageId:4 stepValueRequest:<stepText:"Go to Gauge Get Started Page" > 
14:13:35.645 Sending API response: messageType:GetStepValueResponse messageId:4 stepValueResponse:<stepValue:<stepValue:"Go to Gauge Get Started Page" parameterizedStepValue:"Go to Gauge Get Started Page" > > 
14:13:35.646 Api Request Received: messageType:GetStepValueRequest messageId:4 stepValueRequest:<stepText:"Open the Gauge homepage" > 
14:13:35.646 Sending API response: messageType:GetStepValueResponse messageId:4 stepValueResponse:<stepValue:<stepValue:"Open the Gauge homepage" parameterizedStepValue:"Open the Gauge homepage" > > 
14:13:36.491 Checking updates...
14:13:40.301 # Getting Started with Gauge
14:13:40.305 ## Get Started
14:13:40.310 * Open the Gauge homepage

14:13:41.780 * Go to Gauge Get Started Page
14:13:43.198 Failed Step: Go to Gauge Get Started Page
14:13:43.199 Error Message: org.openqa.selenium.NoSuchElementException: Unable to locate element: //a[@href='/getting-started-guide/we-start']
For documentation on this error, please visit: http://seleniumhq.org/exceptions/no_such_element.html
Build info: version: '3.12.0', revision: '7c6e0b3', time: '2018-05-08T14:04:26.12Z'
System info: host: 'IN-Subhasc.local', ip: 'fe80:0:0:0:858:fd18:2282:b426%!e(MISSING)n0', os.name: 'Mac OS X', os.arch: 'x86_64', os.version: '10.14.3', java.version: '12'
Driver info: org.openqa.selenium.firefox.FirefoxDriver
Capabilities {acceptInsecureCerts: true, browserName: firefox, browserVersion: 65.0.1, javascriptEnabled: true, moz:accessibilityChecks: false, moz:geckodriverVersion: 0.24.0, moz:headless: false, moz:processID: 4532, moz:profile: /var/folders/4_/9jv3j4y15y9..., moz:shutdownTimeout: 60000, moz:useNonSpecCompliantPointerOrigin: false, moz:webdriverClick: true, pageLoadStrategy: normal, platform: MAC, platformName: MAC, platformVersion: 18.2.0, rotatable: false, setWindowRect: true, strictFileInteractability: false, timeouts: {implicit: 0, pageLoad: 300000, script: 30000}, unhandledPromptBehavior: dismiss and notify}
Session ID: 93620989-ee87-0b4f-966d-db496d1f0125
*** Element info: {Using=xpath, value=//a[@href='/getting-started-guide/we-start']}
14:13:43.199 Specification: specs/example.spec:11
14:13:43.199 Stacktrace: 
java.base/jdk.internal.reflect.NativeConstructorAccessorImpl.newInstance0(Native Method)
java.base/jdk.internal.reflect.NativeConstructorAccessorImpl.newInstance(NativeConstructorAccessorImpl.java:62)
java.base/jdk.internal.reflect.DelegatingConstructorAccessorImpl.newInstance(DelegatingConstructorAccessorImpl.java:45)
java.base/java.lang.reflect.Constructor.newInstanceWithCaller(Constructor.java:500)
java.base/java.lang.reflect.Constructor.newInstance(Constructor.java:481)
org.openqa.selenium.remote.http.W3CHttpResponseCodec.createException(W3CHttpResponseCodec.java:187)
org.openqa.selenium.remote.http.W3CHttpResponseCodec.decode(W3CHttpResponseCodec.java:122)
org.openqa.selenium.remote.http.W3CHttpResponseCodec.decode(W3CHttpResponseCodec.java:49)
org.openqa.selenium.remote.HttpCommandExecutor.execute(HttpCommandExecutor.java:158)
org.openqa.selenium.remote.service.DriverCommandExecutor.execute(DriverCommandExecutor.java:83)
org.openqa.selenium.remote.RemoteWebDriver.execute(RemoteWebDriver.java:543)
org.openqa.selenium.remote.RemoteWebDriver.findElement(RemoteWebDriver.java:317)
org.openqa.selenium.remote.RemoteWebDriver.findElementByXPath(RemoteWebDriver.java:419)
org.openqa.selenium.By$ByXPath.findElement(By.java:353)
org.openqa.selenium.remote.RemoteWebDriver.findElement(RemoteWebDriver.java:309)
test.StepImplementation.gotoGetStartedPage(StepImplementation.java:14)
java.base/jdk.internal.reflect.NativeMethodAccessorImpl.invoke0(Native Method)
java.base/jdk.internal.reflect.NativeMethodAccessorImpl.invoke(NativeMethodAccessorImpl.java:62)
java.base/jdk.internal.reflect.DelegatingMethodAccessorImpl.invoke(DelegatingMethodAccessorImpl.java:43)
java.base/java.lang.reflect.Method.invoke(Method.java:567)
com.thoughtworks.gauge.execution.MethodExecutor.execute(MethodExecutor.java:38)
com.thoughtworks.gauge.execution.StepExecutionStage.executeStepMethod(StepExecutionStage.java:76)
com.thoughtworks.gauge.execution.StepExecutionStage.executeStep(StepExecutionStage.java:69)
com.thoughtworks.gauge.execution.StepExecutionStage.execute(StepExecutionStage.java:51)
com.thoughtworks.gauge.execution.AbstractExecutionStage.executeNext(AbstractExecutionStage.java:24)
com.thoughtworks.gauge.execution.HookExecutionStage.execute(HookExecutionStage.java:43)
com.thoughtworks.gauge.execution.ExecutionPipeline.start(ExecutionPipeline.java:29)
com.thoughtworks.gauge.processor.ExecuteStepProcessor.process(ExecuteStepProcessor.java:48)
com.thoughtworks.gauge.connection.MessageDispatcher.dispatchMessages(MessageDispatcher.java:83)
com.thoughtworks.gauge.GaugeRuntime.dispatchMessages(GaugeRuntime.java:124)
com.thoughtworks.gauge.GaugeRuntime.lambda$connectSynchronously$1(GaugeRuntime.java:106)
java.base/java.lang.Thread.run(Thread.java:835)
14:13:43.693 Closing connection [127.0.0.1:50725] cause: EOF
14:13:43.777 Plugin [Html Report] with pid [4515] has exited
14:13:44.107 Closing connection [127.0.0.1:50717] cause: EOF
14:13:44.188 Specifications:	1 executed	0 passed	1 failed	0 skipped
14:13:44.188 Scenarios:	1 executed	0 passed	1 failed	0 skipped
14:13:44.188 
Total time taken: 7.363s
14:13:44.188 Updates are available. Run `gauge update -c` for more info.
14:15:28.182 Plugin java is already installed.
14:15:28.182 Plugin html-report is already installed.
14:15:29.337 Api Request Received: messageType:GetStepValueRequest messageId:4 stepValueRequest:<stepText:"Ensure installation instructions are available" > 
14:15:29.338 Sending API response: messageType:GetStepValueResponse messageId:4 stepValueResponse:<stepValue:<stepValue:"Ensure installation instructions are available" parameterizedStepValue:"Ensure installation instructions are available" > > 
14:15:29.344 Api Request Received: messageType:GetStepValueRequest messageId:4 stepValueRequest:<stepText:"Go to Gauge Get Started Page" > 
14:15:29.344 Sending API response: messageType:GetStepValueResponse messageId:4 stepValueResponse:<stepValue:<stepValue:"Go to Gauge Get Started Page" parameterizedStepValue:"Go to Gauge Get Started Page" > > 
14:15:29.344 Api Request Received: messageType:GetStepValueRequest messageId:4 stepValueRequest:<stepText:"Open the Gauge homepage" > 
14:15:29.344 Sending API response: messageType:GetStepValueResponse messageId:4 stepValueResponse:<stepValue:<stepValue:"Open the Gauge homepage" parameterizedStepValue:"Open the Gauge homepage" > > 
14:15:30.249 Checking updates...
14:15:34.060 # Getting Started with Gauge
14:15:34.064 ## Get Started
14:15:34.066 * Open the Gauge homepage

14:15:35.438 * Go to Gauge Get Started Page
14:15:36.875 Failed Step: Go to Gauge Get Started Page
14:15:36.875 Error Message: org.openqa.selenium.NoSuchElementException: Unable to locate element: //a[@href='/getting-started-guide/we-start']
For documentation on this error, please visit: http://seleniumhq.org/exceptions/no_such_element.html
Build info: version: '3.12.0', revision: '7c6e0b3', time: '2018-05-08T14:04:26.12Z'
System info: host: 'IN-Subhasc.local', ip: 'fe80:0:0:0:858:fd18:2282:b426%!e(MISSING)n0', os.name: 'Mac OS X', os.arch: 'x86_64', os.version: '10.14.3', java.version: '12'
Driver info: org.openqa.selenium.firefox.FirefoxDriver
Capabilities {acceptInsecureCerts: true, browserName: firefox, browserVersion: 65.0.1, javascriptEnabled: true, moz:accessibilityChecks: false, moz:geckodriverVersion: 0.24.0, moz:headless: false, moz:processID: 4738, moz:profile: /var/folders/4_/9jv3j4y15y9..., moz:shutdownTimeout: 60000, moz:useNonSpecCompliantPointerOrigin: false, moz:webdriverClick: true, pageLoadStrategy: normal, platform: MAC, platformName: MAC, platformVersion: 18.2.0, rotatable: false, setWindowRect: true, strictFileInteractability: false, timeouts: {implicit: 0, pageLoad: 300000, script: 30000}, unhandledPromptBehavior: dismiss and notify}
Session ID: f4037537-f49a-cf42-8580-684e513e7ac1
*** Element info: {Using=xpath, value=//a[@href='/getting-started-guide/we-start']}
14:15:36.875 Specification: specs/example.spec:11
14:15:36.875 Stacktrace: 
java.base/jdk.internal.reflect.NativeConstructorAccessorImpl.newInstance0(Native Method)
java.base/jdk.internal.reflect.NativeConstructorAccessorImpl.newInstance(NativeConstructorAccessorImpl.java:62)
java.base/jdk.internal.reflect.DelegatingConstructorAccessorImpl.newInstance(DelegatingConstructorAccessorImpl.java:45)
java.base/java.lang.reflect.Constructor.newInstanceWithCaller(Constructor.java:500)
java.base/java.lang.reflect.Constructor.newInstance(Constructor.java:481)
org.openqa.selenium.remote.http.W3CHttpResponseCodec.createException(W3CHttpResponseCodec.java:187)
org.openqa.selenium.remote.http.W3CHttpResponseCodec.decode(W3CHttpResponseCodec.java:122)
org.openqa.selenium.remote.http.W3CHttpResponseCodec.decode(W3CHttpResponseCodec.java:49)
org.openqa.selenium.remote.HttpCommandExecutor.execute(HttpCommandExecutor.java:158)
org.openqa.selenium.remote.service.DriverCommandExecutor.execute(DriverCommandExecutor.java:83)
org.openqa.selenium.remote.RemoteWebDriver.execute(RemoteWebDriver.java:543)
org.openqa.selenium.remote.RemoteWebDriver.findElement(RemoteWebDriver.java:317)
org.openqa.selenium.remote.RemoteWebDriver.findElementByXPath(RemoteWebDriver.java:419)
org.openqa.selenium.By$ByXPath.findElement(By.java:353)
org.openqa.selenium.remote.RemoteWebDriver.findElement(RemoteWebDriver.java:309)
test.StepImplementation.gotoGetStartedPage(StepImplementation.java:14)
java.base/jdk.internal.reflect.NativeMethodAccessorImpl.invoke0(Native Method)
java.base/jdk.internal.reflect.NativeMethodAccessorImpl.invoke(NativeMethodAccessorImpl.java:62)
java.base/jdk.internal.reflect.DelegatingMethodAccessorImpl.invoke(DelegatingMethodAccessorImpl.java:43)
java.base/java.lang.reflect.Method.invoke(Method.java:567)
com.thoughtworks.gauge.execution.MethodExecutor.execute(MethodExecutor.java:38)
com.thoughtworks.gauge.execution.StepExecutionStage.executeStepMethod(StepExecutionStage.java:76)
com.thoughtworks.gauge.execution.StepExecutionStage.executeStep(StepExecutionStage.java:69)
com.thoughtworks.gauge.execution.StepExecutionStage.execute(StepExecutionStage.java:51)
com.thoughtworks.gauge.execution.AbstractExecutionStage.executeNext(AbstractExecutionStage.java:24)
com.thoughtworks.gauge.execution.HookExecutionStage.execute(HookExecutionStage.java:43)
com.thoughtworks.gauge.execution.ExecutionPipeline.start(ExecutionPipeline.java:29)
com.thoughtworks.gauge.processor.ExecuteStepProcessor.process(ExecuteStepProcessor.java:48)
com.thoughtworks.gauge.connection.MessageDispatcher.dispatchMessages(MessageDispatcher.java:83)
com.thoughtworks.gauge.GaugeRuntime.dispatchMessages(GaugeRuntime.java:124)
com.thoughtworks.gauge.GaugeRuntime.lambda$connectSynchronously$1(GaugeRuntime.java:106)
java.base/java.lang.Thread.run(Thread.java:835)
14:15:37.361 Closing connection [127.0.0.1:51387] cause: EOF
14:15:37.451 Plugin [Html Report] with pid [4736] has exited
14:15:37.799 Closing connection [127.0.0.1:51379] cause: EOF
14:15:37.858 Specifications:	1 executed	0 passed	1 failed	0 skipped
14:15:37.858 Scenarios:	1 executed	0 passed	1 failed	0 skipped
14:15:37.858 
Total time taken: 7.337s
14:15:37.859 Updates are available. Run `gauge update -c` for more info.
14:16:59.026 Plugin java is already installed.
14:16:59.027 Plugin html-report is already installed.
14:17:00.193 Api Request Received: messageType:GetStepValueRequest messageId:4 stepValueRequest:<stepText:"Ensure installation instructions are available" > 
14:17:00.194 Sending API response: messageType:GetStepValueResponse messageId:4 stepValueResponse:<stepValue:<stepValue:"Ensure installation instructions are available" parameterizedStepValue:"Ensure installation instructions are available" > > 
14:17:00.200 Api Request Received: messageType:GetStepValueRequest messageId:4 stepValueRequest:<stepText:"Go to Gauge Get Started Page" > 
14:17:00.200 Sending API response: messageType:GetStepValueResponse messageId:4 stepValueResponse:<stepValue:<stepValue:"Go to Gauge Get Started Page" parameterizedStepValue:"Go to Gauge Get Started Page" > > 
14:17:00.200 Api Request Received: messageType:GetStepValueRequest messageId:4 stepValueRequest:<stepText:"Open the Gauge homepage" > 
14:17:00.200 Sending API response: messageType:GetStepValueResponse messageId:4 stepValueResponse:<stepValue:<stepValue:"Open the Gauge homepage" parameterizedStepValue:"Open the Gauge homepage" > > 
14:17:00.877 Checking updates...
14:17:05.016 # Getting Started with Gauge
14:17:05.018 ## Get Started
14:17:05.020 * Open the Gauge homepage

14:17:06.410 * Go to Gauge Get Started Page
14:17:07.893 Failed Step: Go to Gauge Get Started Page
14:17:07.894 Error Message: org.openqa.selenium.NoSuchElementException: Unable to locate element: //a[@href='/getting-started-guide/we-start']
For documentation on this error, please visit: http://seleniumhq.org/exceptions/no_such_element.html
Build info: version: '3.12.0', revision: '7c6e0b3', time: '2018-05-08T14:04:26.12Z'
System info: host: 'IN-Subhasc.local', ip: 'fe80:0:0:0:858:fd18:2282:b426%!e(MISSING)n0', os.name: 'Mac OS X', os.arch: 'x86_64', os.version: '10.14.3', java.version: '12'
Driver info: org.openqa.selenium.firefox.FirefoxDriver
Capabilities {acceptInsecureCerts: true, browserName: firefox, browserVersion: 65.0.1, javascriptEnabled: true, moz:accessibilityChecks: false, moz:geckodriverVersion: 0.24.0, moz:headless: false, moz:processID: 4914, moz:profile: /var/folders/4_/9jv3j4y15y9..., moz:shutdownTimeout: 60000, moz:useNonSpecCompliantPointerOrigin: false, moz:webdriverClick: true, pageLoadStrategy: normal, platform: MAC, platformName: MAC, platformVersion: 18.2.0, rotatable: false, setWindowRect: true, strictFileInteractability: false, timeouts: {implicit: 0, pageLoad: 300000, script: 30000}, unhandledPromptBehavior: dismiss and notify}
Session ID: 0d571e29-adfe-154d-8337-90f814d1669b
*** Element info: {Using=xpath, value=//a[@href='/getting-started-guide/we-start']}
14:17:07.894 Specification: specs/example.spec:11
14:17:07.894 Stacktrace: 
java.base/jdk.internal.reflect.NativeConstructorAccessorImpl.newInstance0(Native Method)
java.base/jdk.internal.reflect.NativeConstructorAccessorImpl.newInstance(NativeConstructorAccessorImpl.java:62)
java.base/jdk.internal.reflect.DelegatingConstructorAccessorImpl.newInstance(DelegatingConstructorAccessorImpl.java:45)
java.base/java.lang.reflect.Constructor.newInstanceWithCaller(Constructor.java:500)
java.base/java.lang.reflect.Constructor.newInstance(Constructor.java:481)
org.openqa.selenium.remote.http.W3CHttpResponseCodec.createException(W3CHttpResponseCodec.java:187)
org.openqa.selenium.remote.http.W3CHttpResponseCodec.decode(W3CHttpResponseCodec.java:122)
org.openqa.selenium.remote.http.W3CHttpResponseCodec.decode(W3CHttpResponseCodec.java:49)
org.openqa.selenium.remote.HttpCommandExecutor.execute(HttpCommandExecutor.java:158)
org.openqa.selenium.remote.service.DriverCommandExecutor.execute(DriverCommandExecutor.java:83)
org.openqa.selenium.remote.RemoteWebDriver.execute(RemoteWebDriver.java:543)
org.openqa.selenium.remote.RemoteWebDriver.findElement(RemoteWebDriver.java:317)
org.openqa.selenium.remote.RemoteWebDriver.findElementByXPath(RemoteWebDriver.java:419)
org.openqa.selenium.By$ByXPath.findElement(By.java:353)
org.openqa.selenium.remote.RemoteWebDriver.findElement(RemoteWebDriver.java:309)
test.StepImplementation.gotoGetStartedPage(StepImplementation.java:14)
java.base/jdk.internal.reflect.NativeMethodAccessorImpl.invoke0(Native Method)
java.base/jdk.internal.reflect.NativeMethodAccessorImpl.invoke(NativeMethodAccessorImpl.java:62)
java.base/jdk.internal.reflect.DelegatingMethodAccessorImpl.invoke(DelegatingMethodAccessorImpl.java:43)
java.base/java.lang.reflect.Method.invoke(Method.java:567)
com.thoughtworks.gauge.execution.MethodExecutor.execute(MethodExecutor.java:38)
com.thoughtworks.gauge.execution.StepExecutionStage.executeStepMethod(StepExecutionStage.java:76)
com.thoughtworks.gauge.execution.StepExecutionStage.executeStep(StepExecutionStage.java:69)
com.thoughtworks.gauge.execution.StepExecutionStage.execute(StepExecutionStage.java:51)
com.thoughtworks.gauge.execution.AbstractExecutionStage.executeNext(AbstractExecutionStage.java:24)
com.thoughtworks.gauge.execution.HookExecutionStage.execute(HookExecutionStage.java:43)
com.thoughtworks.gauge.execution.ExecutionPipeline.start(ExecutionPipeline.java:29)
com.thoughtworks.gauge.processor.ExecuteStepProcessor.process(ExecuteStepProcessor.java:48)
com.thoughtworks.gauge.connection.MessageDispatcher.dispatchMessages(MessageDispatcher.java:83)
com.thoughtworks.gauge.GaugeRuntime.dispatchMessages(GaugeRuntime.java:124)
com.thoughtworks.gauge.GaugeRuntime.lambda$connectSynchronously$1(GaugeRuntime.java:106)
java.base/java.lang.Thread.run(Thread.java:835)
14:17:08.372 Closing connection [127.0.0.1:51947] cause: EOF
14:17:08.457 Plugin [Html Report] with pid [4912] has exited
14:17:08.818 Closing connection [127.0.0.1:51935] cause: EOF
14:17:08.866 Specifications:	1 executed	0 passed	1 failed	0 skipped
14:17:08.866 Scenarios:	1 executed	0 passed	1 failed	0 skipped
14:17:08.866 
Total time taken: 7.484s
14:17:08.867 Updates are available. Run `gauge update -c` for more info.
14:18:34.010 Plugin java is already installed.
14:18:34.011 Plugin html-report is already installed.
14:18:35.230 Api Request Received: messageType:GetStepValueRequest messageId:4 stepValueRequest:<stepText:"Ensure installation instructions are available" > 
14:18:35.230 Sending API response: messageType:GetStepValueResponse messageId:4 stepValueResponse:<stepValue:<stepValue:"Ensure installation instructions are available" parameterizedStepValue:"Ensure installation instructions are available" > > 
14:18:35.236 Api Request Received: messageType:GetStepValueRequest messageId:4 stepValueRequest:<stepText:"Go to Gauge Get Started Page" > 
14:18:35.237 Sending API response: messageType:GetStepValueResponse messageId:4 stepValueResponse:<stepValue:<stepValue:"Go to Gauge Get Started Page" parameterizedStepValue:"Go to Gauge Get Started Page" > > 
14:18:35.237 Api Request Received: messageType:GetStepValueRequest messageId:4 stepValueRequest:<stepText:"Open the Gauge homepage" > 
14:18:35.237 Sending API response: messageType:GetStepValueResponse messageId:4 stepValueResponse:<stepValue:<stepValue:"Open the Gauge homepage" parameterizedStepValue:"Open the Gauge homepage" > > 
14:18:35.887 Checking updates...
14:18:40.124 # Getting Started with Gauge
14:18:40.126 ## Get Started
14:18:40.129 * Open the Gauge homepage

14:18:41.612 * Go to Gauge Get Started Page
14:18:43.016 Failed Step: Go to Gauge Get Started Page
14:18:43.016 Error Message: org.openqa.selenium.NoSuchElementException: Unable to locate element: //a[@href='get_started/']
For documentation on this error, please visit: http://seleniumhq.org/exceptions/no_such_element.html
Build info: version: '3.12.0', revision: '7c6e0b3', time: '2018-05-08T14:04:26.12Z'
System info: host: 'IN-Subhasc.local', ip: 'fe80:0:0:0:858:fd18:2282:b426%!e(MISSING)n0', os.name: 'Mac OS X', os.arch: 'x86_64', os.version: '10.14.3', java.version: '12'
Driver info: org.openqa.selenium.firefox.FirefoxDriver
Capabilities {acceptInsecureCerts: true, browserName: firefox, browserVersion: 65.0.1, javascriptEnabled: true, moz:accessibilityChecks: false, moz:geckodriverVersion: 0.24.0, moz:headless: false, moz:processID: 5088, moz:profile: /var/folders/4_/9jv3j4y15y9..., moz:shutdownTimeout: 60000, moz:useNonSpecCompliantPointerOrigin: false, moz:webdriverClick: true, pageLoadStrategy: normal, platform: MAC, platformName: MAC, platformVersion: 18.2.0, rotatable: false, setWindowRect: true, strictFileInteractability: false, timeouts: {implicit: 0, pageLoad: 300000, script: 30000}, unhandledPromptBehavior: dismiss and notify}
Session ID: d062b040-a58d-374a-9126-dbccc9b98694
*** Element info: {Using=xpath, value=//a[@href='get_started/']}
14:18:43.016 Specification: specs/example.spec:11
14:18:43.016 Stacktrace: 
java.base/jdk.internal.reflect.NativeConstructorAccessorImpl.newInstance0(Native Method)
java.base/jdk.internal.reflect.NativeConstructorAccessorImpl.newInstance(NativeConstructorAccessorImpl.java:62)
java.base/jdk.internal.reflect.DelegatingConstructorAccessorImpl.newInstance(DelegatingConstructorAccessorImpl.java:45)
java.base/java.lang.reflect.Constructor.newInstanceWithCaller(Constructor.java:500)
java.base/java.lang.reflect.Constructor.newInstance(Constructor.java:481)
org.openqa.selenium.remote.http.W3CHttpResponseCodec.createException(W3CHttpResponseCodec.java:187)
org.openqa.selenium.remote.http.W3CHttpResponseCodec.decode(W3CHttpResponseCodec.java:122)
org.openqa.selenium.remote.http.W3CHttpResponseCodec.decode(W3CHttpResponseCodec.java:49)
org.openqa.selenium.remote.HttpCommandExecutor.execute(HttpCommandExecutor.java:158)
org.openqa.selenium.remote.service.DriverCommandExecutor.execute(DriverCommandExecutor.java:83)
org.openqa.selenium.remote.RemoteWebDriver.execute(RemoteWebDriver.java:543)
org.openqa.selenium.remote.RemoteWebDriver.findElement(RemoteWebDriver.java:317)
org.openqa.selenium.remote.RemoteWebDriver.findElementByXPath(RemoteWebDriver.java:419)
org.openqa.selenium.By$ByXPath.findElement(By.java:353)
org.openqa.selenium.remote.RemoteWebDriver.findElement(RemoteWebDriver.java:309)
test.StepImplementation.gotoGetStartedPage(StepImplementation.java:14)
java.base/jdk.internal.reflect.NativeMethodAccessorImpl.invoke0(Native Method)
java.base/jdk.internal.reflect.NativeMethodAccessorImpl.invoke(NativeMethodAccessorImpl.java:62)
java.base/jdk.internal.reflect.DelegatingMethodAccessorImpl.invoke(DelegatingMethodAccessorImpl.java:43)
java.base/java.lang.reflect.Method.invoke(Method.java:567)
com.thoughtworks.gauge.execution.MethodExecutor.execute(MethodExecutor.java:38)
com.thoughtworks.gauge.execution.StepExecutionStage.executeStepMethod(StepExecutionStage.java:76)
com.thoughtworks.gauge.execution.StepExecutionStage.executeStep(StepExecutionStage.java:69)
com.thoughtworks.gauge.execution.StepExecutionStage.execute(StepExecutionStage.java:51)
com.thoughtworks.gauge.execution.AbstractExecutionStage.executeNext(AbstractExecutionStage.java:24)
com.thoughtworks.gauge.execution.HookExecutionStage.execute(HookExecutionStage.java:43)
com.thoughtworks.gauge.execution.ExecutionPipeline.start(ExecutionPipeline.java:29)
com.thoughtworks.gauge.processor.ExecuteStepProcessor.process(ExecuteStepProcessor.java:48)
com.thoughtworks.gauge.connection.MessageDispatcher.dispatchMessages(MessageDispatcher.java:83)
com.thoughtworks.gauge.GaugeRuntime.dispatchMessages(GaugeRuntime.java:124)
com.thoughtworks.gauge.GaugeRuntime.lambda$connectSynchronously$1(GaugeRuntime.java:106)
java.base/java.lang.Thread.run(Thread.java:835)
14:18:43.543 Closing connection [127.0.0.1:52515] cause: EOF
14:18:43.588 Plugin [Html Report] with pid [5086] has exited
14:18:43.936 Closing connection [127.0.0.1:52502] cause: EOF
14:18:44.003 Specifications:	1 executed	0 passed	1 failed	0 skipped
14:18:44.003 Scenarios:	1 executed	0 passed	1 failed	0 skipped
14:18:44.003 
Total time taken: 7.542s
14:18:44.003 Updates are available. Run `gauge update -c` for more info.
14:21:11.785 Plugin java is already installed.
14:21:11.786 Plugin html-report is already installed.
14:21:13.033 Api Request Received: messageType:GetStepValueRequest messageId:4 stepValueRequest:<stepText:"Ensure installation instructions are available" > 
14:21:13.033 Sending API response: messageType:GetStepValueResponse messageId:4 stepValueResponse:<stepValue:<stepValue:"Ensure installation instructions are available" parameterizedStepValue:"Ensure installation instructions are available" > > 
14:21:13.039 Api Request Received: messageType:GetStepValueRequest messageId:4 stepValueRequest:<stepText:"Go to Gauge Get Started Page" > 
14:21:13.039 Sending API response: messageType:GetStepValueResponse messageId:4 stepValueResponse:<stepValue:<stepValue:"Go to Gauge Get Started Page" parameterizedStepValue:"Go to Gauge Get Started Page" > > 
14:21:13.040 Api Request Received: messageType:GetStepValueRequest messageId:4 stepValueRequest:<stepText:"Open the Gauge homepage" > 
14:21:13.040 Sending API response: messageType:GetStepValueResponse messageId:4 stepValueResponse:<stepValue:<stepValue:"Open the Gauge homepage" parameterizedStepValue:"Open the Gauge homepage" > > 
14:21:13.929 Checking updates...
14:21:17.678 Error Message: org.openqa.selenium.SessionNotCreatedException: session not created: This version of ChromeDriver only supports Chrome version 74
  (Driver info: chromedriver=74.0.3729.6 (255758eccf3d244491b8a1317aa76e1ce10d57e9-refs/branch-heads/3729@{#29}),platform=Mac OS X 10.14.3 x86_64) (WARNING: The server did not provide any stacktrace information)
Command duration or timeout: 976 milliseconds
Build info: version: '3.12.0', revision: '7c6e0b3', time: '2018-05-08T14:04:26.12Z'
System info: host: 'IN-Subhasc.local', ip: 'fe80:0:0:0:858:fd18:2282:b426%!e(MISSING)n0', os.name: 'Mac OS X', os.arch: 'x86_64', os.version: '10.14.3', java.version: '12'
Driver info: driver.version: Driver
14:21:17.678 Stacktrace: 
java.base/jdk.internal.reflect.NativeConstructorAccessorImpl.newInstance0(Native Method)
java.base/jdk.internal.reflect.NativeConstructorAccessorImpl.newInstance(NativeConstructorAccessorImpl.java:62)
java.base/jdk.internal.reflect.DelegatingConstructorAccessorImpl.newInstance(DelegatingConstructorAccessorImpl.java:45)
java.base/java.lang.reflect.Constructor.newInstanceWithCaller(Constructor.java:500)
java.base/java.lang.reflect.Constructor.newInstance(Constructor.java:481)
org.openqa.selenium.remote.ErrorHandler.createThrowable(ErrorHandler.java:214)
org.openqa.selenium.remote.ErrorHandler.throwIfResponseFailed(ErrorHandler.java:166)
org.openqa.selenium.remote.JsonWireProtocolResponse.lambda$new$0(JsonWireProtocolResponse.java:53)
org.openqa.selenium.remote.JsonWireProtocolResponse.lambda$getResponseFunction$2(JsonWireProtocolResponse.java:91)
org.openqa.selenium.remote.ProtocolHandshake.lambda$createSession$0(ProtocolHandshake.java:123)
java.base/java.util.stream.ReferencePipeline$3$1.accept(ReferencePipeline.java:195)
java.base/java.util.Spliterators$ArraySpliterator.tryAdvance(Spliterators.java:958)
java.base/java.util.stream.ReferencePipeline.forEachWithCancel(ReferencePipeline.java:127)
java.base/java.util.stream.AbstractPipeline.copyIntoWithCancel(AbstractPipeline.java:502)
java.base/java.util.stream.AbstractPipeline.copyInto(AbstractPipeline.java:488)
java.base/java.util.stream.AbstractPipeline.wrapAndCopyInto(AbstractPipeline.java:474)
java.base/java.util.stream.FindOps$FindOp.evaluateSequential(FindOps.java:150)
java.base/java.util.stream.AbstractPipeline.evaluate(AbstractPipeline.java:234)
java.base/java.util.stream.ReferencePipeline.findFirst(ReferencePipeline.java:543)
org.openqa.selenium.remote.ProtocolHandshake.createSession(ProtocolHandshake.java:126)
org.openqa.selenium.remote.ProtocolHandshake.createSession(ProtocolHandshake.java:73)
org.openqa.selenium.remote.HttpCommandExecutor.execute(HttpCommandExecutor.java:136)
org.openqa.selenium.remote.service.DriverCommandExecutor.execute(DriverCommandExecutor.java:83)
org.openqa.selenium.remote.RemoteWebDriver.execute(RemoteWebDriver.java:543)
org.openqa.selenium.remote.RemoteWebDriver.startSession(RemoteWebDriver.java:207)
org.openqa.selenium.remote.RemoteWebDriver.<init>(RemoteWebDriver.java:130)
org.openqa.selenium.chrome.ChromeDriver.<init>(ChromeDriver.java:181)
org.openqa.selenium.chrome.ChromeDriver.<init>(ChromeDriver.java:168)
org.openqa.selenium.chrome.ChromeDriver.<init>(ChromeDriver.java:157)
driver.DriverFactory.getDriver(DriverFactory.java:39)
driver.Driver.initializeDriver(Driver.java:16)
java.base/jdk.internal.reflect.NativeMethodAccessorImpl.invoke0(Native Method)
java.base/jdk.internal.reflect.NativeMethodAccessorImpl.invoke(NativeMethodAccessorImpl.java:62)
java.base/jdk.internal.reflect.DelegatingMethodAccessorImpl.invoke(DelegatingMethodAccessorImpl.java:43)
java.base/java.lang.reflect.Method.invoke(Method.java:567)
com.thoughtworks.gauge.execution.MethodExecutor.execute(MethodExecutor.java:38)
com.thoughtworks.gauge.execution.HooksExecutor$TaggedHookExecutor.executeHook(HooksExecutor.java:102)
com.thoughtworks.gauge.execution.HooksExecutor$TaggedHookExecutor.execute(HooksExecutor.java:88)
com.thoughtworks.gauge.execution.HooksExecutor.execute(HooksExecutor.java:45)
com.thoughtworks.gauge.processor.MethodExecutionMessageProcessor.executeHooks(MethodExecutionMessageProcessor.java:65)
com.thoughtworks.gauge.processor.SuiteExecutionStartingProcessor.process(SuiteExecutionStartingProcessor.java:36)
com.thoughtworks.gauge.connection.MessageDispatcher.dispatchMessages(MessageDispatcher.java:83)
com.thoughtworks.gauge.GaugeRuntime.dispatchMessages(GaugeRuntime.java:124)
com.thoughtworks.gauge.GaugeRuntime.lambda$connectSynchronously$1(GaugeRuntime.java:106)
java.base/java.lang.Thread.run(Thread.java:835)
14:21:17.679 Error Message: java.lang.NullPointerException
14:21:17.679 Stacktrace: 
driver.Driver.closeDriver(Driver.java:22)
java.base/jdk.internal.reflect.NativeMethodAccessorImpl.invoke0(Native Method)
java.base/jdk.internal.reflect.NativeMethodAccessorImpl.invoke(NativeMethodAccessorImpl.java:62)
java.base/jdk.internal.reflect.DelegatingMethodAccessorImpl.invoke(DelegatingMethodAccessorImpl.java:43)
java.base/java.lang.reflect.Method.invoke(Method.java:567)
com.thoughtworks.gauge.execution.MethodExecutor.execute(MethodExecutor.java:38)
com.thoughtworks.gauge.execution.HooksExecutor$TaggedHookExecutor.executeHook(HooksExecutor.java:102)
com.thoughtworks.gauge.execution.HooksExecutor$TaggedHookExecutor.execute(HooksExecutor.java:88)
com.thoughtworks.gauge.execution.HooksExecutor.execute(HooksExecutor.java:45)
com.thoughtworks.gauge.processor.MethodExecutionMessageProcessor.executeHooks(MethodExecutionMessageProcessor.java:65)
com.thoughtworks.gauge.processor.SuiteExecutionEndingProcessor.process(SuiteExecutionEndingProcessor.java:35)
com.thoughtworks.gauge.connection.MessageDispatcher.dispatchMessages(MessageDispatcher.java:83)
com.thoughtworks.gauge.GaugeRuntime.dispatchMessages(GaugeRuntime.java:124)
com.thoughtworks.gauge.GaugeRuntime.lambda$connectSynchronously$1(GaugeRuntime.java:106)
java.base/java.lang.Thread.run(Thread.java:835)
14:21:17.690 Closing connection [127.0.0.1:53350] cause: EOF
14:21:17.783 Plugin [Html Report] with pid [5356] has exited
14:21:18.180 Closing connection [127.0.0.1:53338] cause: EOF
14:21:18.191 Specifications:	0 executed	0 passed	0 failed	0 skipped
14:21:18.191 Scenarios:	0 executed	0 passed	0 failed	0 skipped
14:21:18.191 
Total time taken: 3.957s
14:21:18.191 Updates are available. Run `gauge update -c` for more info.
14:22:24.995 Plugin java is already installed.
14:22:24.995 Plugin html-report is already installed.
14:22:26.203 Api Request Received: messageType:GetStepValueRequest messageId:4 stepValueRequest:<stepText:"Ensure installation instructions are available" > 
14:22:26.203 Sending API response: messageType:GetStepValueResponse messageId:4 stepValueResponse:<stepValue:<stepValue:"Ensure installation instructions are available" parameterizedStepValue:"Ensure installation instructions are available" > > 
14:22:26.209 Api Request Received: messageType:GetStepValueRequest messageId:4 stepValueRequest:<stepText:"Go to Gauge Get Started Page" > 
14:22:26.210 Sending API response: messageType:GetStepValueResponse messageId:4 stepValueResponse:<stepValue:<stepValue:"Go to Gauge Get Started Page" parameterizedStepValue:"Go to Gauge Get Started Page" > > 
14:22:26.210 Api Request Received: messageType:GetStepValueRequest messageId:4 stepValueRequest:<stepText:"Open the Gauge homepage" > 
14:22:26.210 Sending API response: messageType:GetStepValueResponse messageId:4 stepValueResponse:<stepValue:<stepValue:"Open the Gauge homepage" parameterizedStepValue:"Open the Gauge homepage" > > 
14:22:27.223 Checking updates...
14:22:30.889 # Getting Started with Gauge
14:22:30.891 ## Get Started
14:22:30.892 * Open the Gauge homepage

14:22:32.442 * Go to Gauge Get Started Page
14:22:33.721 * Ensure installation instructions are available
14:22:34.320 Closing connection [127.0.0.1:53666] cause: read tcp 127.0.0.1:53663->127.0.0.1:53666: read: connection reset by peer
14:22:34.411 Plugin [Html Report] with pid [5521] has exited
14:22:34.440 Closing connection [127.0.0.1:53654] cause: EOF
14:22:34.515 Specifications:	1 executed	1 passed	0 failed	0 skipped
14:22:34.515 Scenarios:	1 executed	1 passed	0 failed	0 skipped
14:22:34.515 
Total time taken: 7.413s
14:22:34.516 Updates are available. Run `gauge update -c` for more info.
